#
# There is insufficient memory for the Java Runtime Environment to continue.
# Native memory allocation (mmap) failed to map 402653184 bytes for G1 virtual space
# Possible reasons:
#   The system is out of physical RAM or swap space
#   The process is running with CompressedOops enabled, and the Java Heap may be blocking the growth of the native heap
# Possible solutions:
#   Reduce memory load on the system
#   Increase physical memory or swap space
#   Check if swap backing store is full
#   Decrease Java heap size (-Xmx/-Xms)
#   Decrease number of Java threads
#   Decrease Java thread stack sizes (-Xss)
#   Set larger code cache with -XX:ReservedCodeCacheSize=
#   JVM is running with Zero Based Compressed Oops mode in which the Java heap is
#     placed in the first 32GB address space. The Java Heap base address is the
#     maximum limit for the native heap growth. Please use -XX:HeapBaseMinAddress
#     to set the Java Heap base and to place the Java Heap above 32GB virtual address.
# This output file may be truncated or incomplete.
#
#  Out of Memory Error (os_windows.cpp:3466), pid=18192, tid=5944
#
# JRE version: OpenJDK Runtime Environment (16.0.2+7) (build 16.0.2+7-67)
# Java VM: OpenJDK 64-Bit Server VM (16.0.2+7-67, mixed mode, sharing, tiered, compressed oops, compressed class ptrs, g1 gc, windows-amd64)
# No core dump will be written. Minidumps are not enabled by default on client versions of Windows
#

---------------  S U M M A R Y ------------

Command Line: -javaagent:C:\Program Files\JetBrains\IntelliJ IDEA Community Edition 2020.2.3\lib\idea_rt.jar=1044:C:\Program Files\JetBrains\IntelliJ IDEA Community Edition 2020.2.3\bin -Dfile.encoding=UTF-8 -XX:CompileCommandFile=C:\Users\RICHAR~1\AppData\Local\Temp\jmh3616710300405456127compilecommand org.openjdk.jmh.runner.ForkedMain 127.0.0.1 1046

Host: Intel(R) Core(TM) i5-7200U CPU @ 2.50GHz, 4 cores, 11G,  Windows 10 , 64 bit Build 19041 (10.0.19041.1151)
Time: Thu Sep  2 11:57:27 2021 Malay Peninsula Standard Time elapsed time: 1.299532 seconds (0d 0h 0m 1s)

---------------  T H R E A D  ---------------

Current thread (0x000002d22db3e840):  VMThread "VM Thread" [stack: 0x000000fb1df00000,0x000000fb1e000000] [id=5944]

Stack: [0x000000fb1df00000,0x000000fb1e000000]
Native frames: (J=compiled Java code, j=interpreted, Vv=VM code, C=native code)
V  [jvm.dll+0x6681ca]
V  [jvm.dll+0x7c9e69]
V  [jvm.dll+0x7cb61e]
V  [jvm.dll+0x7cbc73]
V  [jvm.dll+0x242c55]
V  [jvm.dll+0x664f89]
V  [jvm.dll+0x659b75]
V  [jvm.dll+0x2fbfbb]
V  [jvm.dll+0x3031b6]
V  [jvm.dll+0x35299e]
V  [jvm.dll+0x352bcf]
V  [jvm.dll+0x2d3028]
V  [jvm.dll+0x2d0bb5]
V  [jvm.dll+0x2d01ec]
V  [jvm.dll+0x3152d2]
V  [jvm.dll+0x7d00ab]
V  [jvm.dll+0x7d0da4]
V  [jvm.dll+0x7d12a9]
V  [jvm.dll+0x7d1564]
V  [jvm.dll+0x7d1630]
V  [jvm.dll+0x7795aa]
V  [jvm.dll+0x667066]
C  [ucrtbase.dll+0x21bb2]
C  [KERNEL32.DLL+0x17034]
C  [ntdll.dll+0x52651]

VM_Operation (0x000000fb1edfdbb0): G1CollectForAllocation, mode: safepoint, requested by thread 0x000002d24e790020


---------------  P R O C E S S  ---------------

Threads class SMR info:
_java_thread_list=0x000002d24e74eaf0, length=14, elements={
0x000002d22da70120, 0x000002d24d7921e0, 0x000002d24d7930a0, 0x000002d24d79fda0,
0x000002d24d7a27b0, 0x000002d24d7a31b0, 0x000002d24d7a4bc0, 0x000002d24d7a58f0,
0x000002d24d7cfab0, 0x000002d24d813fe0, 0x000002d24e48e910, 0x000002d24e5ca460,
0x000002d24e5cbf70, 0x000002d24e790020
}

Java Threads: ( => current thread )
  0x000002d22da70120 JavaThread "main" [_thread_blocked, id=3580, stack(0x000000fb1d900000,0x000000fb1da00000)]
  0x000002d24d7921e0 JavaThread "Reference Handler" daemon [_thread_blocked, id=21896, stack(0x000000fb1e000000,0x000000fb1e100000)]
  0x000002d24d7930a0 JavaThread "Finalizer" daemon [_thread_blocked, id=17108, stack(0x000000fb1e100000,0x000000fb1e200000)]
  0x000002d24d79fda0 JavaThread "Signal Dispatcher" daemon [_thread_blocked, id=15068, stack(0x000000fb1e200000,0x000000fb1e300000)]
  0x000002d24d7a27b0 JavaThread "Attach Listener" daemon [_thread_blocked, id=22892, stack(0x000000fb1e300000,0x000000fb1e400000)]
  0x000002d24d7a31b0 JavaThread "Service Thread" daemon [_thread_blocked, id=3024, stack(0x000000fb1e400000,0x000000fb1e500000)]
  0x000002d24d7a4bc0 JavaThread "Monitor Deflation Thread" daemon [_thread_blocked, id=21844, stack(0x000000fb1e500000,0x000000fb1e600000)]
  0x000002d24d7a58f0 JavaThread "C2 CompilerThread0" daemon [_thread_blocked, id=20748, stack(0x000000fb1e600000,0x000000fb1e700000)]
  0x000002d24d7cfab0 JavaThread "C1 CompilerThread0" daemon [_thread_blocked, id=22256, stack(0x000000fb1e700000,0x000000fb1e800000)]
  0x000002d24d813fe0 JavaThread "Sweeper thread" daemon [_thread_blocked, id=4980, stack(0x000000fb1e800000,0x000000fb1e900000)]
  0x000002d24e48e910 JavaThread "Common-Cleaner" daemon [_thread_blocked, id=13528, stack(0x000000fb1e900000,0x000000fb1ea00000)]
  0x000002d24e5ca460 JavaThread "Monitor Ctrl-Break" daemon [_thread_in_native, id=18084, stack(0x000000fb1ea00000,0x000000fb1eb00000)]
  0x000002d24e5cbf70 JavaThread "Notification Thread" daemon [_thread_blocked, id=23696, stack(0x000000fb1eb00000,0x000000fb1ec00000)]
  0x000002d24e790020 JavaThread "com.rts.concurrent.Concurrent1.test-jmh-worker-1" daemon [_thread_blocked, id=16736, stack(0x000000fb1ed00000,0x000000fb1ee00000)]

Other Threads:
=>0x000002d22db3e840 VMThread "VM Thread" [stack: 0x000000fb1df00000,0x000000fb1e000000] [id=5944]
  0x000002d22da71120 WatcherThread [stack: 0x000000fb1ec00000,0x000000fb1ed00000] [id=22160]
  0x000002d22dab7ff0 GCTaskThread "GC Thread#0" [stack: 0x000000fb1da00000,0x000000fb1db00000] [id=23744]
  0x000002d24e799270 GCTaskThread "GC Thread#1" [stack: 0x000000fb1ee00000,0x000000fb1ef00000] [id=17828]
  0x000002d24e799580 GCTaskThread "GC Thread#2" [stack: 0x000000fb1ef00000,0x000000fb1f000000] [id=18788]
  0x000002d24e799890 GCTaskThread "GC Thread#3" [stack: 0x000000fb1f000000,0x000000fb1f100000] [id=19332]
  0x000002d22dac5e80 ConcurrentGCThread "G1 Main Marker" [stack: 0x000000fb1db00000,0x000000fb1dc00000] [id=17412]
  0x000002d22dac68f0 ConcurrentGCThread "G1 Conc#0" [stack: 0x000000fb1dc00000,0x000000fb1dd00000] [id=23212]
  0x000002d22db23a10 ConcurrentGCThread "G1 Refine#0" [stack: 0x000000fb1dd00000,0x000000fb1de00000] [id=10108]
  0x000002d24e7a18a0 ConcurrentGCThread "G1 Refine#1" [stack: 0x000000fb1f100000,0x000000fb1f200000] [id=22052]
  0x000002d24d660d90 ConcurrentGCThread "G1 Service" [stack: 0x000000fb1de00000,0x000000fb1df00000] [id=16408]

Threads with active compile tasks:

VM state: at safepoint (normal execution)

VM Mutex/Monitor currently owned by a thread:  ([mutex/lock_event])
[0x000002d22da6c540] Threads_lock - owner thread: 0x000002d22db3e840
[0x000002d22da6e040] Heap_lock - owner thread: 0x000002d24e790020

Heap address: 0x0000000741c00000, size: 3044 MB, Compressed Oops mode: Zero based, Oop shift amount: 3

CDS archive(s) mapped at: [0x0000000800000000-0x0000000800bb0000-0x0000000800bb0000), size 12255232, SharedBaseAddress: 0x0000000800000000, ArchiveRelocationMode: 0.
Compressed class space mapped at: 0x0000000800c00000-0x0000000840c00000, reserved size: 1073741824
Narrow klass base: 0x0000000800000000, Narrow klass shift: 3, Narrow klass range: 0x100000000

GC Precious Log:
 CPUs: 4 total, 4 available
 Memory: 12173M
 Large Page Support: Disabled
 NUMA Support: Disabled
 Compressed Oops: Enabled (Zero based)
 Heap Region Size: 2M
 Heap Min Capacity: 8M
 Heap Initial Capacity: 192M
 Heap Max Capacity: 3044M
 Pre-touch: Disabled
 Parallel Workers: 4
 Concurrent Workers: 1
 Concurrent Refinement Workers: 4
 Periodic GC: Disabled

Heap:
 garbage-first heap   total 196608K, used 66130K [0x0000000741c00000, 0x0000000800000000)
  region size 2048K, 2 young (4096K), 2 survivors (4096K)
 Metaspace       used 3235K, committed 3456K, reserved 1056768K
  class space    used 329K, committed 448K, reserved 1048576K

Heap Regions: E=young(eden), S=young(survivor), O=old, HS=humongous(starts), HC=humongous(continues), CS=collection set, F=free, OA=open archive, CA=closed archive, TAMS=top-at-mark-start (previous, next)
|   0|0x0000000741c00000, 0x0000000741e00000, 0x0000000741e00000|100%| O|  |TAMS 0x0000000741c00000, 0x0000000741c00000| Untracked 
|   1|0x0000000741e00000, 0x0000000742000000, 0x0000000742000000|100%| O|  |TAMS 0x0000000741e00000, 0x0000000741e00000| Untracked 
|   2|0x0000000742000000, 0x0000000742200000, 0x0000000742200000|100%| O|  |TAMS 0x0000000742000000, 0x0000000742000000| Untracked 
|   3|0x0000000742200000, 0x0000000742400000, 0x0000000742400000|100%| O|  |TAMS 0x0000000742200000, 0x0000000742200000| Untracked 
|   4|0x0000000742400000, 0x0000000742600000, 0x0000000742600000|100%| O|  |TAMS 0x0000000742400000, 0x0000000742400000| Untracked 
|   5|0x0000000742600000, 0x0000000742800000, 0x0000000742800000|100%| O|  |TAMS 0x0000000742600000, 0x0000000742600000| Untracked 
|   6|0x0000000742800000, 0x0000000742a00000, 0x0000000742a00000|100%| O|  |TAMS 0x0000000742800000, 0x0000000742800000| Untracked 
|   7|0x0000000742a00000, 0x0000000742c00000, 0x0000000742c00000|100%| O|  |TAMS 0x0000000742a00000, 0x0000000742a00000| Untracked 
|   8|0x0000000742c00000, 0x0000000742e00000, 0x0000000742e00000|100%| O|  |TAMS 0x0000000742c00000, 0x0000000742c00000| Untracked 
|   9|0x0000000742e00000, 0x0000000743000000, 0x0000000743000000|100%| O|  |TAMS 0x0000000742e00000, 0x0000000742e00000| Untracked 
|  10|0x0000000743000000, 0x0000000743200000, 0x0000000743200000|100%| O|  |TAMS 0x0000000743000000, 0x0000000743000000| Untracked 
|  11|0x0000000743200000, 0x0000000743400000, 0x0000000743400000|100%| O|  |TAMS 0x0000000743200000, 0x0000000743200000| Untracked 
|  12|0x0000000743400000, 0x0000000743600000, 0x0000000743600000|100%| O|  |TAMS 0x0000000743400000, 0x0000000743400000| Untracked 
|  13|0x0000000743600000, 0x0000000743800000, 0x0000000743800000|100%| O|  |TAMS 0x0000000743600000, 0x0000000743600000| Untracked 
|  14|0x0000000743800000, 0x0000000743a00000, 0x0000000743a00000|100%| O|  |TAMS 0x0000000743800000, 0x0000000743800000| Untracked 
|  15|0x0000000743a00000, 0x0000000743c00000, 0x0000000743c00000|100%| O|  |TAMS 0x0000000743a00000, 0x0000000743a00000| Untracked 
|  16|0x0000000743c00000, 0x0000000743e00000, 0x0000000743e00000|100%| O|  |TAMS 0x0000000743c00000, 0x0000000743c00000| Untracked 
|  17|0x0000000743e00000, 0x0000000744000000, 0x0000000744000000|100%| O|  |TAMS 0x0000000743e00000, 0x0000000743e00000| Untracked 
|  18|0x0000000744000000, 0x0000000744200000, 0x0000000744200000|100%| O|  |TAMS 0x0000000744000000, 0x0000000744000000| Untracked 
|  19|0x0000000744200000, 0x0000000744400000, 0x0000000744400000|100%| O|  |TAMS 0x0000000744200000, 0x0000000744200000| Untracked 
|  20|0x0000000744400000, 0x0000000744600000, 0x0000000744600000|100%| O|  |TAMS 0x0000000744400000, 0x0000000744400000| Untracked 
|  21|0x0000000744600000, 0x0000000744800000, 0x0000000744800000|100%| O|  |TAMS 0x0000000744600000, 0x0000000744600000| Untracked 
|  22|0x0000000744800000, 0x0000000744a00000, 0x0000000744a00000|100%| O|  |TAMS 0x0000000744800000, 0x0000000744800000| Untracked 
|  23|0x0000000744a00000, 0x0000000744c00000, 0x0000000744c00000|100%| O|  |TAMS 0x0000000744a00000, 0x0000000744a00000| Untracked 
|  24|0x0000000744c00000, 0x0000000744e00000, 0x0000000744e00000|100%| O|  |TAMS 0x0000000744c00000, 0x0000000744c00000| Untracked 
|  25|0x0000000744e00000, 0x0000000745000000, 0x0000000745000000|100%| O|  |TAMS 0x0000000744e00000, 0x0000000744e00000| Untracked 
|  26|0x0000000745000000, 0x0000000745200000, 0x0000000745200000|100%| O|  |TAMS 0x0000000745000000, 0x0000000745000000| Untracked 
|  27|0x0000000745200000, 0x0000000745400000, 0x0000000745400000|100%| O|  |TAMS 0x0000000745200000, 0x0000000745200000| Untracked 
|  28|0x0000000745400000, 0x0000000745600000, 0x0000000745600000|100%| O|  |TAMS 0x0000000745400000, 0x0000000745400000| Untracked 
|  29|0x0000000745600000, 0x0000000745800000, 0x0000000745800000|100%| O|  |TAMS 0x0000000745600000, 0x0000000745600000| Untracked 
|  30|0x0000000745800000, 0x0000000745894a00, 0x0000000745a00000| 29%| O|  |TAMS 0x0000000745800000, 0x0000000745800000| Untracked 
|  31|0x0000000745a00000, 0x0000000745a00000, 0x0000000745c00000|  0%| F|  |TAMS 0x0000000745a00000, 0x0000000745a00000| Untracked 
|  32|0x0000000745c00000, 0x0000000745c00000, 0x0000000745e00000|  0%| F|  |TAMS 0x0000000745c00000, 0x0000000745c00000| Untracked 
|  33|0x0000000745e00000, 0x0000000745e00000, 0x0000000746000000|  0%| F|  |TAMS 0x0000000745e00000, 0x0000000745e00000| Untracked 
|  34|0x0000000746000000, 0x0000000746000000, 0x0000000746200000|  0%| F|  |TAMS 0x0000000746000000, 0x0000000746000000| Untracked 
|  35|0x0000000746200000, 0x0000000746200000, 0x0000000746400000|  0%| F|  |TAMS 0x0000000746200000, 0x0000000746200000| Untracked 
|  36|0x0000000746400000, 0x0000000746400000, 0x0000000746600000|  0%| F|  |TAMS 0x0000000746400000, 0x0000000746400000| Untracked 
|  37|0x0000000746600000, 0x0000000746600000, 0x0000000746800000|  0%| F|  |TAMS 0x0000000746600000, 0x0000000746600000| Untracked 
|  38|0x0000000746800000, 0x0000000746800000, 0x0000000746a00000|  0%| F|  |TAMS 0x0000000746800000, 0x0000000746800000| Untracked 
|  39|0x0000000746a00000, 0x0000000746a00000, 0x0000000746c00000|  0%| F|  |TAMS 0x0000000746a00000, 0x0000000746a00000| Untracked 
|  40|0x0000000746c00000, 0x0000000746c00000, 0x0000000746e00000|  0%| F|  |TAMS 0x0000000746c00000, 0x0000000746c00000| Untracked 
|  41|0x0000000746e00000, 0x0000000746e00000, 0x0000000747000000|  0%| F|  |TAMS 0x0000000746e00000, 0x0000000746e00000| Untracked 
|  42|0x0000000747000000, 0x0000000747000000, 0x0000000747200000|  0%| F|  |TAMS 0x0000000747000000, 0x0000000747000000| Untracked 
|  43|0x0000000747200000, 0x0000000747200000, 0x0000000747400000|  0%| F|  |TAMS 0x0000000747200000, 0x0000000747200000| Untracked 
|  44|0x0000000747400000, 0x0000000747400000, 0x0000000747600000|  0%| F|  |TAMS 0x0000000747400000, 0x0000000747400000| Untracked 
|  45|0x0000000747600000, 0x0000000747600000, 0x0000000747800000|  0%| F|  |TAMS 0x0000000747600000, 0x0000000747600000| Untracked 
|  46|0x0000000747800000, 0x0000000747800000, 0x0000000747a00000|  0%| F|  |TAMS 0x0000000747800000, 0x0000000747800000| Untracked 
|  47|0x0000000747a00000, 0x0000000747a00000, 0x0000000747c00000|  0%| F|  |TAMS 0x0000000747a00000, 0x0000000747a00000| Untracked 
|  48|0x0000000747c00000, 0x0000000747c00000, 0x0000000747e00000|  0%| F|  |TAMS 0x0000000747c00000, 0x0000000747c00000| Untracked 
|  49|0x0000000747e00000, 0x0000000747e00000, 0x0000000748000000|  0%| F|  |TAMS 0x0000000747e00000, 0x0000000747e00000| Untracked 
|  50|0x0000000748000000, 0x0000000748000000, 0x0000000748200000|  0%| F|  |TAMS 0x0000000748000000, 0x0000000748000000| Untracked 
|  51|0x0000000748200000, 0x0000000748200000, 0x0000000748400000|  0%| F|  |TAMS 0x0000000748200000, 0x0000000748200000| Untracked 
|  52|0x0000000748400000, 0x0000000748400000, 0x0000000748600000|  0%| F|  |TAMS 0x0000000748400000, 0x0000000748400000| Untracked 
|  53|0x0000000748600000, 0x0000000748600000, 0x0000000748800000|  0%| F|  |TAMS 0x0000000748600000, 0x0000000748600000| Untracked 
|  54|0x0000000748800000, 0x0000000748800000, 0x0000000748a00000|  0%| F|  |TAMS 0x0000000748800000, 0x0000000748800000| Untracked 
|  55|0x0000000748a00000, 0x0000000748a00000, 0x0000000748c00000|  0%| F|  |TAMS 0x0000000748a00000, 0x0000000748a00000| Untracked 
|  56|0x0000000748c00000, 0x0000000748c00000, 0x0000000748e00000|  0%| F|  |TAMS 0x0000000748c00000, 0x0000000748c00000| Untracked 
|  57|0x0000000748e00000, 0x0000000748e00000, 0x0000000749000000|  0%| F|  |TAMS 0x0000000748e00000, 0x0000000748e00000| Untracked 
|  58|0x0000000749000000, 0x0000000749000000, 0x0000000749200000|  0%| F|  |TAMS 0x0000000749000000, 0x0000000749000000| Untracked 
|  59|0x0000000749200000, 0x0000000749200000, 0x0000000749400000|  0%| F|  |TAMS 0x0000000749200000, 0x0000000749200000| Untracked 
|  60|0x0000000749400000, 0x0000000749400000, 0x0000000749600000|  0%| F|  |TAMS 0x0000000749400000, 0x0000000749400000| Untracked 
|  61|0x0000000749600000, 0x0000000749600000, 0x0000000749800000|  0%| F|  |TAMS 0x0000000749600000, 0x0000000749600000| Untracked 
|  62|0x0000000749800000, 0x0000000749800000, 0x0000000749a00000|  0%| F|  |TAMS 0x0000000749800000, 0x0000000749800000| Untracked 
|  63|0x0000000749a00000, 0x0000000749a00000, 0x0000000749c00000|  0%| F|  |TAMS 0x0000000749a00000, 0x0000000749a00000| Untracked 
|  64|0x0000000749c00000, 0x0000000749c00000, 0x0000000749e00000|  0%| F|  |TAMS 0x0000000749c00000, 0x0000000749c00000| Untracked 
|  65|0x0000000749e00000, 0x0000000749e00000, 0x000000074a000000|  0%| F|  |TAMS 0x0000000749e00000, 0x0000000749e00000| Untracked 
|  66|0x000000074a000000, 0x000000074a000000, 0x000000074a200000|  0%| F|  |TAMS 0x000000074a000000, 0x000000074a000000| Untracked 
|  67|0x000000074a200000, 0x000000074a200000, 0x000000074a400000|  0%| F|  |TAMS 0x000000074a200000, 0x000000074a200000| Untracked 
|  68|0x000000074a400000, 0x000000074a400000, 0x000000074a600000|  0%| F|  |TAMS 0x000000074a400000, 0x000000074a400000| Untracked 
|  69|0x000000074a600000, 0x000000074a600000, 0x000000074a800000|  0%| F|  |TAMS 0x000000074a600000, 0x000000074a600000| Untracked 
|  70|0x000000074a800000, 0x000000074a800000, 0x000000074aa00000|  0%| F|  |TAMS 0x000000074a800000, 0x000000074a800000| Untracked 
|  71|0x000000074aa00000, 0x000000074aa00000, 0x000000074ac00000|  0%| F|  |TAMS 0x000000074aa00000, 0x000000074aa00000| Untracked 
|  72|0x000000074ac00000, 0x000000074ac00000, 0x000000074ae00000|  0%| F|  |TAMS 0x000000074ac00000, 0x000000074ac00000| Untracked 
|  73|0x000000074ae00000, 0x000000074ae00000, 0x000000074b000000|  0%| F|  |TAMS 0x000000074ae00000, 0x000000074ae00000| Untracked 
|  74|0x000000074b000000, 0x000000074b000000, 0x000000074b200000|  0%| F|  |TAMS 0x000000074b000000, 0x000000074b000000| Untracked 
|  75|0x000000074b200000, 0x000000074b200000, 0x000000074b400000|  0%| F|  |TAMS 0x000000074b200000, 0x000000074b200000| Untracked 
|  76|0x000000074b400000, 0x000000074b400000, 0x000000074b600000|  0%| F|  |TAMS 0x000000074b400000, 0x000000074b400000| Untracked 
|  77|0x000000074b600000, 0x000000074b600000, 0x000000074b800000|  0%| F|  |TAMS 0x000000074b600000, 0x000000074b600000| Untracked 
|  78|0x000000074b800000, 0x000000074b800000, 0x000000074ba00000|  0%| F|  |TAMS 0x000000074b800000, 0x000000074b800000| Untracked 
|  79|0x000000074ba00000, 0x000000074ba00000, 0x000000074bc00000|  0%| F|  |TAMS 0x000000074ba00000, 0x000000074ba00000| Untracked 
|  80|0x000000074bc00000, 0x000000074bc00000, 0x000000074be00000|  0%| F|  |TAMS 0x000000074bc00000, 0x000000074bc00000| Untracked 
|  81|0x000000074be00000, 0x000000074c000000, 0x000000074c000000|100%| S|CS|TAMS 0x000000074be00000, 0x000000074be00000| Complete 
|  82|0x000000074c000000, 0x000000074c200000, 0x000000074c200000|100%| S|CS|TAMS 0x000000074c000000, 0x000000074c000000| Complete 
|  83|0x000000074c200000, 0x000000074c200000, 0x000000074c400000|  0%| F|  |TAMS 0x000000074c200000, 0x000000074c200000| Untracked 
|  84|0x000000074c400000, 0x000000074c400000, 0x000000074c600000|  0%| F|  |TAMS 0x000000074c400000, 0x000000074c400000| Untracked 
|  85|0x000000074c600000, 0x000000074c600000, 0x000000074c800000|  0%| F|  |TAMS 0x000000074c600000, 0x000000074c600000| Untracked 
|  86|0x000000074c800000, 0x000000074c800000, 0x000000074ca00000|  0%| F|  |TAMS 0x000000074c800000, 0x000000074c800000| Untracked 
|  87|0x000000074ca00000, 0x000000074ca00000, 0x000000074cc00000|  0%| F|  |TAMS 0x000000074ca00000, 0x000000074ca00000| Untracked 
|  88|0x000000074cc00000, 0x000000074cc00000, 0x000000074ce00000|  0%| F|  |TAMS 0x000000074cc00000, 0x000000074cc00000| Untracked 
|  89|0x000000074ce00000, 0x000000074ce00000, 0x000000074d000000|  0%| F|  |TAMS 0x000000074ce00000, 0x000000074ce00000| Untracked 
|  90|0x000000074d000000, 0x000000074d000000, 0x000000074d200000|  0%| F|  |TAMS 0x000000074d000000, 0x000000074d000000| Untracked 
|  91|0x000000074d200000, 0x000000074d200000, 0x000000074d400000|  0%| F|  |TAMS 0x000000074d200000, 0x000000074d200000| Untracked 
|  92|0x000000074d400000, 0x000000074d400000, 0x000000074d600000|  0%| F|  |TAMS 0x000000074d400000, 0x000000074d400000| Untracked 
|  93|0x000000074d600000, 0x000000074d600000, 0x000000074d800000|  0%| F|  |TAMS 0x000000074d600000, 0x000000074d600000| Untracked 
|  94|0x000000074d800000, 0x000000074d800000, 0x000000074da00000|  0%| F|  |TAMS 0x000000074d800000, 0x000000074d800000| Untracked 
|  95|0x000000074da00000, 0x000000074da00000, 0x000000074dc00000|  0%| F|  |TAMS 0x000000074da00000, 0x000000074da00000| Untracked 

Card table byte_map: [0x000002d2447d0000,0x000002d244dd0000] _byte_map_base: 0x000002d240dc2000

Marking Bits (Prev, Next): (CMBitMap*) 0x000002d22dab8660, (CMBitMap*) 0x000002d22dab86a0
 Prev Bits: [0x000002d2453d0000, 0x000002d248360000)
 Next Bits: [0x000002d248360000, 0x000002d24b2f0000)

Polling page: 0x000002d22bc10000

Metaspace:

Usage:
  Non-class:      2.84 MB used.
      Class:    329.61 KB used.
       Both:      3.16 MB used.

Virtual space:
  Non-class space:        8.00 MB reserved,       2.94 MB ( 37%) committed,  1 nodes.
      Class space:        1.00 GB reserved,     448.00 KB ( <1%) committed,  1 nodes.
              Both:        1.01 GB reserved,       3.38 MB ( <1%) committed. 

Chunk freelists:
   Non-Class:  3.32 MB
       Class:  3.61 MB
        Both:  6.92 MB

MaxMetaspaceSize: 17179869184.00 GB
CompressedClassSpaceSize: 1.00 GB
 - commit_granule_bytes: 65536.
 - commit_granule_words: 8192.
 - virtual_space_node_default_size: 1048576.
 - enlarge_chunks_in_place: 1.
 - new_chunks_are_fully_committed: 0.
 - uncommit_free_chunks: 1.
 - use_allocation_guard: 0.
 - handle_deallocations: 1.


Internal statistics:

num_allocs_failed_limit: 0.
num_arena_births: 100.
num_arena_deaths: 0.
num_vsnodes_births: 2.
num_vsnodes_deaths: 0.
num_space_committed: 54.
num_space_uncommitted: 0.
num_chunks_returned_to_freelist: 0.
num_chunks_taken_from_freelist: 170.
num_chunk_merges: 0.
num_chunk_splits: 95.
num_chunks_enlarged: 42.
num_purges: 0.

CodeHeap 'non-profiled nmethods': size=120000Kb used=220Kb max_used=220Kb free=119780Kb
 bounds [0x000002d23cca0000, 0x000002d23cf10000, 0x000002d2441d0000]
CodeHeap 'profiled nmethods': size=120000Kb used=979Kb max_used=979Kb free=119020Kb
 bounds [0x000002d235770000, 0x000002d2359e0000, 0x000002d23cca0000]
CodeHeap 'non-nmethods': size=5760Kb used=1152Kb max_used=1167Kb free=4607Kb
 bounds [0x000002d2351d0000, 0x000002d235440000, 0x000002d235770000]
 total_blobs=1098 nmethods=661 adapters=350
 compilation: enabled
              stopped_count=0, restarted_count=0
 full_count=0

Compilation events (20 events):
Event: 0.911 Thread 0x000002d24d7cfab0  652       3       java.util.concurrent.atomic.AtomicLong::compareAndSet (13 bytes)
Event: 0.911 Thread 0x000002d24d7cfab0 nmethod 652 0x000002d235862b10 code [0x000002d235862ca0, 0x000002d235862dd8]
Event: 0.911 Thread 0x000002d24d7cfab0  653       3       java.util.Random::next (47 bytes)
Event: 0.911 Thread 0x000002d24d7a58f0  655       4       java.util.concurrent.atomic.AtomicLong::compareAndSet (13 bytes)
Event: 0.912 Thread 0x000002d24d7cfab0 nmethod 653 0x000002d235862e90 code [0x000002d235863040, 0x000002d2358632c8]
Event: 0.912 Thread 0x000002d24d7cfab0  654       3       java.util.Random::nextDouble (24 bytes)
Event: 0.912 Thread 0x000002d24d7cfab0 nmethod 654 0x000002d235863410 code [0x000002d2358635e0, 0x000002d2358638b8]
Event: 0.912 Thread 0x000002d24d7a58f0 nmethod 655 0x000002d23ccd4e90 code [0x000002d23ccd5000, 0x000002d23ccd5098]
Event: 0.912 Thread 0x000002d24d7a58f0  656       4       java.util.Random::next (47 bytes)
Event: 0.913 Thread 0x000002d24d7a58f0 nmethod 656 0x000002d23ccd5190 code [0x000002d23ccd5320, 0x000002d23ccd5418]
Event: 0.913 Thread 0x000002d24d7a58f0  657       4       java.util.Random::nextDouble (24 bytes)
Event: 0.915 Thread 0x000002d24d7a58f0 nmethod 657 0x000002d23ccd5510 code [0x000002d23ccd56c0, 0x000002d23ccd5858]
Event: 0.917 Thread 0x000002d24d7cfab0  658 %     3       com.rts.lab.matrix.Generator::generate @ 27 (62 bytes)
Event: 0.918 Thread 0x000002d24d7cfab0 nmethod 658% 0x000002d235863990 code [0x000002d235863ba0, 0x000002d2358640d8]
Event: 0.918 Thread 0x000002d24d7cfab0  659       3       com.rts.lab.matrix.Generator::generate (62 bytes)
Event: 0.918 Thread 0x000002d24d7cfab0 nmethod 659 0x000002d235864310 code [0x000002d235864520, 0x000002d235864b88]
Event: 0.919 Thread 0x000002d24d7a58f0  660 %     4       com.rts.lab.matrix.Generator::generate @ 27 (62 bytes)
Event: 0.931 Thread 0x000002d24d7a58f0 nmethod 660% 0x000002d23ccd5a10 code [0x000002d23ccd5be0, 0x000002d23ccd61f8]
Event: 1.123 Thread 0x000002d24d7a58f0  661       4       com.rts.lab.matrix.Generator::generate (62 bytes)
Event: 1.131 Thread 0x000002d24d7a58f0 nmethod 661 0x000002d23ccd6590 code [0x000002d23ccd6760, 0x000002d23ccd6b98]

GC Heap History (9 events):
Event: 0.887 GC heap before
{Heap before GC invocations=0 (full 0):
 garbage-first heap   total 196608K, used 10240K [0x0000000741c00000, 0x0000000800000000)
  region size 2048K, 6 young (12288K), 0 survivors (0K)
 Metaspace       used 3233K, committed 3392K, reserved 1056768K
  class space    used 329K, committed 448K, reserved 1048576K
}
Event: 0.897 GC heap after
{Heap after GC invocations=1 (full 0):
 garbage-first heap   total 196608K, used 6715K [0x0000000741c00000, 0x0000000800000000)
  region size 2048K, 1 young (2048K), 1 survivors (2048K)
 Metaspace       used 3233K, committed 3392K, reserved 1056768K
  class space    used 329K, committed 448K, reserved 1048576K
}
Event: 0.898 GC heap before
{Heap before GC invocations=1 (full 0):
 garbage-first heap   total 196608K, used 14907K [0x0000000741c00000, 0x0000000800000000)
  region size 2048K, 5 young (10240K), 1 survivors (2048K)
 Metaspace       used 3233K, committed 3392K, reserved 1056768K
  class space    used 329K, committed 448K, reserved 1048576K
}
Event: 0.903 GC heap after
{Heap after GC invocations=2 (full 0):
 garbage-first heap   total 196608K, used 14946K [0x0000000741c00000, 0x0000000800000000)
  region size 2048K, 1 young (2048K), 1 survivors (2048K)
 Metaspace       used 3233K, committed 3392K, reserved 1056768K
  class space    used 329K, committed 448K, reserved 1048576K
}
Event: 0.904 GC heap before
{Heap before GC invocations=2 (full 0):
 garbage-first heap   total 196608K, used 25186K [0x0000000741c00000, 0x0000000800000000)
  region size 2048K, 7 young (14336K), 1 survivors (2048K)
 Metaspace       used 3233K, committed 3392K, reserved 1056768K
  class space    used 329K, committed 448K, reserved 1048576K
}
Event: 0.910 GC heap after
{Heap after GC invocations=3 (full 0):
 garbage-first heap   total 196608K, used 27234K [0x0000000741c00000, 0x0000000800000000)
  region size 2048K, 1 young (2048K), 1 survivors (2048K)
 Metaspace       used 3233K, committed 3392K, reserved 1056768K
  class space    used 329K, committed 448K, reserved 1048576K
}
Event: 1.111 GC heap before
{Heap before GC invocations=3 (full 0):
 garbage-first heap   total 196608K, used 41570K [0x0000000741c00000, 0x0000000800000000)
  region size 2048K, 9 young (18432K), 1 survivors (2048K)
 Metaspace       used 3235K, committed 3456K, reserved 1056768K
  class space    used 329K, committed 448K, reserved 1048576K
}
Event: 1.118 GC heap after
{Heap after GC invocations=4 (full 0):
 garbage-first heap   total 196608K, used 43618K [0x0000000741c00000, 0x0000000800000000)
  region size 2048K, 2 young (4096K), 2 survivors (4096K)
 Metaspace       used 3235K, committed 3456K, reserved 1056768K
  class space    used 329K, committed 448K, reserved 1048576K
}
Event: 1.283 GC heap before
{Heap before GC invocations=4 (full 0):
 garbage-first heap   total 196608K, used 64098K [0x0000000741c00000, 0x0000000800000000)
  region size 2048K, 13 young (26624K), 2 survivors (4096K)
 Metaspace       used 3235K, committed 3456K, reserved 1056768K
  class space    used 329K, committed 448K, reserved 1048576K
}

Deoptimization events (16 events):
Event: 0.259 Thread 0x000002d22da70120 Uncommon trap: trap_request=0xffffff45 fr.pc=0x000002d23ccaee28 relative=0x0000000000000088
Event: 0.259 Thread 0x000002d22da70120 Uncommon trap: reason=unstable_if action=reinterpret pc=0x000002d23ccaee28 method=java.lang.String.charAt(I)C @ 4 c2
Event: 0.259 Thread 0x000002d22da70120 DEOPT PACKING pc=0x000002d23ccaee28 sp=0x000000fb1d9ff140
Event: 0.259 Thread 0x000002d22da70120 DEOPT UNPACKING pc=0x000002d23521d72e sp=0x000000fb1d9ff0e0 mode 2
Event: 0.356 Thread 0x000002d22da70120 Uncommon trap: trap_request=0xffffff45 fr.pc=0x000002d23ccac9a0 relative=0x0000000000000920
Event: 0.356 Thread 0x000002d22da70120 Uncommon trap: reason=unstable_if action=reinterpret pc=0x000002d23ccac9a0 method=java.util.HashMap.putVal(ILjava/lang/Object;Ljava/lang/Object;ZZ)Ljava/lang/Object; @ 181 c2
Event: 0.356 Thread 0x000002d22da70120 DEOPT PACKING pc=0x000002d23ccac9a0 sp=0x000000fb1d9fef00
Event: 0.356 Thread 0x000002d22da70120 DEOPT UNPACKING pc=0x000002d23521d72e sp=0x000000fb1d9feeb0 mode 2
Event: 0.546 Thread 0x000002d22da70120 DEOPT PACKING pc=0x000002d23579bfe7 sp=0x000000fb1d9fdac0
Event: 0.547 Thread 0x000002d22da70120 DEOPT UNPACKING pc=0x000002d23521dece sp=0x000000fb1d9fcee0 mode 0
Event: 0.642 Thread 0x000002d22da70120 DEOPT PACKING pc=0x000002d235780251 sp=0x000000fb1d9fdde0
Event: 0.642 Thread 0x000002d22da70120 DEOPT UNPACKING pc=0x000002d23521dece sp=0x000000fb1d9fd258 mode 0
Event: 0.931 Thread 0x000002d24e790020 DEOPT PACKING pc=0x000002d235864015 sp=0x000000fb1edfdfc0
Event: 0.931 Thread 0x000002d24e790020 DEOPT UNPACKING pc=0x000002d23521dece sp=0x000000fb1edfd4c8 mode 0
Event: 1.123 Thread 0x000002d24e790020 DEOPT PACKING pc=0x000002d235864aa4 sp=0x000000fb1edfdfd0
Event: 1.123 Thread 0x000002d24e790020 DEOPT UNPACKING pc=0x000002d23521dece sp=0x000000fb1edfd4c8 mode 0

Classes unloaded (0 events):
No events

Classes redefined (0 events):
No events

Internal exceptions (9 events):
Event: 0.270 Thread 0x000002d24e5ca460 Exception <a 'java/lang/NoSuchMethodError'{0x000000074d808758}: 'java.lang.Object java.lang.invoke.DirectMethodHandle$Holder.invokeStatic(java.lang.Object)'> (0x000000074d808758) 
thrown [t:\workspace\open\src\hotspot\share\interpreter\linkResolver.cpp, line 790]
Event: 0.271 Thread 0x000002d24e5ca460 Exception <a 'java/lang/NoSuchMethodError'{0x000000074d80c068}: 'java.lang.Object java.lang.invoke.DirectMethodHandle$Holder.invokeStaticInit(java.lang.Object)'> (0x000000074d80c068) 
thrown [t:\workspace\open\src\hotspot\share\interpreter\linkResolver.cpp, line 790]
Event: 0.282 Thread 0x000002d22da70120 Exception <a 'java/lang/NoSuchMethodError'{0x000000074d846098}: 'void java.lang.invoke.DirectMethodHandle$Holder.invokeStatic(java.lang.Object, java.lang.Object)'> (0x000000074d846098) 
thrown [t:\workspace\open\src\hotspot\share\interpreter\linkResolver.cpp, line 790]
Event: 0.282 Thread 0x000002d24e5ca460 Exception <a 'java/lang/NoSuchMethodError'{0x000000074d819cf8}: 'void java.lang.invoke.DirectMethodHandle$Holder.invokeStatic(java.lang.Object, java.lang.Object)'> (0x000000074d819cf8) 
thrown [t:\workspace\open\src\hotspot\share\interpreter\linkResolver.cpp, line 790]
Event: 0.426 Thread 0x000002d22da70120 Exception <a 'java/lang/NoSuchMethodError'{0x000000074d974e18}: 'java.lang.Object java.lang.invoke.DirectMethodHandle$Holder.invokeInterface(java.lang.Object, java.lang.Object)'> (0x000000074d974e18) 
thrown [t:\workspace\open\src\hotspot\share\interpreter\linkResolver.cpp, line 790]
Event: 0.432 Thread 0x000002d22da70120 Exception <a 'java/lang/NoSuchMethodError'{0x000000074d97d468}: 'java.lang.Object java.lang.invoke.DirectMethodHandle$Holder.invokeStaticInit(java.lang.Object, java.lang.Object, java.lang.Object)'> (0x000000074d97d468) 
thrown [t:\workspace\open\src\hotspot\share\interpreter\linkResolver.cpp, line 790]
Event: 0.442 Thread 0x000002d22da70120 Exception <a 'java/lang/NoSuchMethodError'{0x000000074d9a2c18}: 'int java.lang.invoke.DirectMethodHandle$Holder.invokeSpecial(java.lang.Object, java.lang.Object, java.lang.Object)'> (0x000000074d9a2c18) 
thrown [t:\workspace\open\src\hotspot\share\interpreter\linkResolver.cpp, line 790]
Event: 0.789 Thread 0x000002d22da70120 Exception <a 'java/lang/NoSuchMethodError'{0x000000074d4b9218}: static [Ljava/lang/Object;.<clinit>()V> (0x000000074d4b9218) 
thrown [t:\workspace\open\src\hotspot\share\prims\jni.cpp, line 1210]
Event: 0.857 Thread 0x000002d22da70120 Exception <a 'java/lang/NoSuchMethodError'{0x000000074d500348}: static [I.<clinit>()V> (0x000000074d500348) 
thrown [t:\workspace\open\src\hotspot\share\prims\jni.cpp, line 1210]

Events (20 events):
Event: 0.875 loading class java/util/concurrent/locks/AbstractQueuedSynchronizer$ExclusiveNode done
Event: 0.882 loading class java/util/concurrent/atomic/AtomicIntegerFieldUpdater
Event: 0.882 loading class java/util/concurrent/atomic/AtomicIntegerFieldUpdater done
Event: 0.882 loading class java/util/concurrent/atomic/AtomicIntegerFieldUpdater$AtomicIntegerFieldUpdaterImpl
Event: 0.882 loading class java/util/concurrent/atomic/AtomicIntegerFieldUpdater$AtomicIntegerFieldUpdaterImpl done
Event: 0.882 loading class java/util/concurrent/atomic/AtomicIntegerFieldUpdater$AtomicIntegerFieldUpdaterImpl$1
Event: 0.882 loading class java/util/concurrent/atomic/AtomicIntegerFieldUpdater$AtomicIntegerFieldUpdaterImpl$1 done
Event: 0.883 loading class java/util/concurrent/locks/AbstractQueuedSynchronizer$ConditionNode
Event: 0.883 loading class java/util/concurrent/ForkJoinPool$ManagedBlocker
Event: 0.883 loading class java/util/concurrent/ForkJoinPool$ManagedBlocker done
Event: 0.883 loading class java/util/concurrent/locks/AbstractQueuedSynchronizer$ConditionNode done
Event: 0.887 Executing  VM operation: G1CollectForAllocation
Event: 0.897 Executing  VM operation: G1CollectForAllocation done
Event: 0.898 Executing  VM operation: G1CollectForAllocation
Event: 0.903 Executing  VM operation: G1CollectForAllocation done
Event: 0.904 Executing  VM operation: G1CollectForAllocation
Event: 0.910 Executing  VM operation: G1CollectForAllocation done
Event: 1.111 Executing  VM operation: G1CollectForAllocation
Event: 1.118 Executing  VM operation: G1CollectForAllocation done
Event: 1.283 Executing  VM operation: G1CollectForAllocation


Dynamic libraries:
0x00007ff6cd5f0000 - 0x00007ff6cd5fe000 	C:\Users\Richard Loh\.jdks\openjdk-16.0.2\bin\java.exe
0x00007ffb781b0000 - 0x00007ffb783a5000 	C:\WINDOWS\SYSTEM32\ntdll.dll
0x00007ffb78000000 - 0x00007ffb780bd000 	C:\WINDOWS\System32\KERNEL32.DLL
0x00007ffb75d50000 - 0x00007ffb76019000 	C:\WINDOWS\System32\KERNELBASE.dll
0x00007ffb72a70000 - 0x00007ffb72b00000 	C:\WINDOWS\SYSTEM32\apphelp.dll
0x00007ffb76110000 - 0x00007ffb76210000 	C:\WINDOWS\System32\ucrtbase.dll
0x00007ffb5cb40000 - 0x00007ffb5cb58000 	C:\Users\Richard Loh\.jdks\openjdk-16.0.2\bin\jli.dll
0x00007ffb77c70000 - 0x00007ffb77e10000 	C:\WINDOWS\System32\USER32.dll
0x00007ffb5c990000 - 0x00007ffb5c9a9000 	C:\Users\Richard Loh\.jdks\openjdk-16.0.2\bin\VCRUNTIME140.dll
0x00007ffb758e0000 - 0x00007ffb75902000 	C:\WINDOWS\System32\win32u.dll
0x00007ffb77390000 - 0x00007ffb773ba000 	C:\WINDOWS\System32\GDI32.dll
0x00007ffb75c40000 - 0x00007ffb75d4b000 	C:\WINDOWS\System32\gdi32full.dll
0x00007ffb75a40000 - 0x00007ffb75add000 	C:\WINDOWS\System32\msvcp_win.dll
0x00007ffb5d130000 - 0x00007ffb5d3ca000 	C:\WINDOWS\WinSxS\amd64_microsoft.windows.common-controls_6595b64144ccf1df_6.0.19041.1110_none_60b5254171f9507e\COMCTL32.dll
0x00007ffb769b0000 - 0x00007ffb76a4e000 	C:\WINDOWS\System32\msvcrt.dll
0x00007ffb76ab0000 - 0x00007ffb76ae0000 	C:\WINDOWS\System32\IMM32.DLL
0x00007ffb696b0000 - 0x00007ffb696bc000 	C:\Users\Richard Loh\.jdks\openjdk-16.0.2\bin\vcruntime140_1.dll
0x00007ffb42270000 - 0x00007ffb42301000 	C:\Users\Richard Loh\.jdks\openjdk-16.0.2\bin\msvcp140.dll
0x00007ffb20040000 - 0x00007ffb20beb000 	C:\Users\Richard Loh\.jdks\openjdk-16.0.2\bin\server\jvm.dll
0x00007ffb77e70000 - 0x00007ffb77f1c000 	C:\WINDOWS\System32\ADVAPI32.dll
0x00007ffb77470000 - 0x00007ffb7750b000 	C:\WINDOWS\System32\sechost.dll
0x00007ffb77a30000 - 0x00007ffb77b5a000 	C:\WINDOWS\System32\RPCRT4.dll
0x00007ffb76dd0000 - 0x00007ffb76dd8000 	C:\WINDOWS\System32\PSAPI.DLL
0x00007ffb73ff0000 - 0x00007ffb73ff9000 	C:\WINDOWS\SYSTEM32\WSOCK32.dll
0x00007ffb76d60000 - 0x00007ffb76dcb000 	C:\WINDOWS\System32\WS2_32.dll
0x00007ffb63fa0000 - 0x00007ffb63fc7000 	C:\WINDOWS\SYSTEM32\WINMM.dll
0x00007ffb6ac80000 - 0x00007ffb6ac8a000 	C:\WINDOWS\SYSTEM32\VERSION.dll
0x00007ffb74180000 - 0x00007ffb74192000 	C:\WINDOWS\SYSTEM32\kernel.appcore.dll
0x00007ffb662b0000 - 0x00007ffb662ba000 	C:\Users\Richard Loh\.jdks\openjdk-16.0.2\bin\jimage.dll
0x00007ffb73660000 - 0x00007ffb73844000 	C:\WINDOWS\SYSTEM32\DBGHELP.DLL
0x00007ffb5aeb0000 - 0x00007ffb5aedc000 	C:\WINDOWS\SYSTEM32\dbgcore.DLL
0x00007ffb76020000 - 0x00007ffb760a3000 	C:\WINDOWS\System32\bcryptPrimitives.dll
0x00007ffb5cef0000 - 0x00007ffb5cefe000 	C:\Users\Richard Loh\.jdks\openjdk-16.0.2\bin\instrument.dll
0x00007ffb5a810000 - 0x00007ffb5a835000 	C:\Users\Richard Loh\.jdks\openjdk-16.0.2\bin\java.dll
0x00007ffb76270000 - 0x00007ffb769af000 	C:\WINDOWS\System32\SHELL32.dll
0x00007ffb73850000 - 0x00007ffb73fe0000 	C:\WINDOWS\SYSTEM32\windows.storage.dll
0x00007ffb77510000 - 0x00007ffb77865000 	C:\WINDOWS\System32\combase.dll
0x00007ffb75260000 - 0x00007ffb7528c000 	C:\WINDOWS\SYSTEM32\Wldp.dll
0x00007ffb773c0000 - 0x00007ffb7746e000 	C:\WINDOWS\System32\SHCORE.dll
0x00007ffb77f20000 - 0x00007ffb77f75000 	C:\WINDOWS\System32\shlwapi.dll
0x00007ffb75820000 - 0x00007ffb7583f000 	C:\WINDOWS\SYSTEM32\profapi.dll
0x00007ffb59af0000 - 0x00007ffb59b08000 	C:\Users\Richard Loh\.jdks\openjdk-16.0.2\bin\zip.dll
0x00007ffb5c970000 - 0x00007ffb5c989000 	C:\Users\Richard Loh\.jdks\openjdk-16.0.2\bin\net.dll
0x00007ffb6d8a0000 - 0x00007ffb6d9a8000 	C:\WINDOWS\SYSTEM32\WINHTTP.dll
0x00007ffb75040000 - 0x00007ffb750aa000 	C:\WINDOWS\system32\mswsock.dll
0x00007ffb5aa10000 - 0x00007ffb5aa23000 	C:\Users\Richard Loh\.jdks\openjdk-16.0.2\bin\nio.dll
0x00007ffb59ad0000 - 0x00007ffb59aea000 	C:\Program Files\JetBrains\IntelliJ IDEA Community Edition 2020.2.3\bin\breakgen64.dll
0x00007ffb5ccf0000 - 0x00007ffb5ccf9000 	C:\Users\Richard Loh\.jdks\openjdk-16.0.2\bin\management.dll
0x00007ffb5c920000 - 0x00007ffb5c92b000 	C:\Users\Richard Loh\.jdks\openjdk-16.0.2\bin\management_ext.dll
0x00007ffb50e70000 - 0x00007ffb50e87000 	C:\WINDOWS\system32\napinsp.dll
0x00007ffb50420000 - 0x00007ffb5043b000 	C:\WINDOWS\system32\pnrpnsp.dll
0x00007ffb6f830000 - 0x00007ffb6f845000 	C:\WINDOWS\system32\wshbth.dll
0x00007ffb70830000 - 0x00007ffb7084d000 	C:\WINDOWS\system32\NLAapi.dll
0x00007ffb74d00000 - 0x00007ffb74d3b000 	C:\WINDOWS\SYSTEM32\IPHLPAPI.DLL
0x00007ffb74d50000 - 0x00007ffb74e1c000 	C:\WINDOWS\SYSTEM32\DNSAPI.dll
0x00007ffb76de0000 - 0x00007ffb76de8000 	C:\WINDOWS\System32\NSI.dll
0x00007ffb56c80000 - 0x00007ffb56c92000 	C:\WINDOWS\System32\winrnr.dll
0x00007ffb6bf00000 - 0x00007ffb6bf0a000 	C:\Windows\System32\rasadhlp.dll
0x00007ffb6d050000 - 0x00007ffb6d0cf000 	C:\WINDOWS\System32\fwpuclnt.dll
0x00007ffb759c0000 - 0x00007ffb759e7000 	C:\WINDOWS\System32\bcrypt.dll

dbghelp: loaded successfully - version: 4.0.5 - missing functions: none
symbol engine: initialized successfully - sym options: 0x614 - pdb path: .;C:\Users\Richard Loh\.jdks\openjdk-16.0.2\bin;C:\WINDOWS\SYSTEM32;C:\WINDOWS\WinSxS\amd64_microsoft.windows.common-controls_6595b64144ccf1df_6.0.19041.1110_none_60b5254171f9507e;C:\Users\Richard Loh\.jdks\openjdk-16.0.2\bin\server;C:\Program Files\JetBrains\IntelliJ IDEA Community Edition 2020.2.3\bin

VM Arguments:
jvm_args: -javaagent:C:\Program Files\JetBrains\IntelliJ IDEA Community Edition 2020.2.3\lib\idea_rt.jar=1044:C:\Program Files\JetBrains\IntelliJ IDEA Community Edition 2020.2.3\bin -Dfile.encoding=UTF-8 -XX:CompileCommandFile=C:\Users\RICHAR~1\AppData\Local\Temp\jmh3616710300405456127compilecommand 
java_command: org.openjdk.jmh.runner.ForkedMain 127.0.0.1 1046
java_class_path (initial): C:\Users\Richard Loh\eclipse-workspace\RtsCourse\target\classes;C:\Users\Richard Loh\.m2\repository\org\openjdk\jmh\jmh-core\1.32\jmh-core-1.32.jar;C:\Users\Richard Loh\.m2\repository\net\sf\jopt-simple\jopt-simple\4.6\jopt-simple-4.6.jar;C:\Users\Richard Loh\.m2\repository\org\apache\commons\commons-math3\3.2\commons-math3-3.2.jar;C:\Users\Richard Loh\.m2\repository\org\openjdk\jmh\jmh-generator-annprocess\1.32\jmh-generator-annprocess-1.32.jar
Launcher Type: SUN_STANDARD

[Global flags]
     intx CICompilerCount                          = 3                                         {product} {ergonomic}
    ccstr CompileCommandFile                       = C:\Users\RICHAR~1\AppData\Local\Temp\jmh3616710300405456127compilecommand            {product} {command line}
     uint ConcGCThreads                            = 1                                         {product} {ergonomic}
     uint G1ConcRefinementThreads                  = 4                                         {product} {ergonomic}
   size_t G1HeapRegionSize                         = 2097152                                   {product} {ergonomic}
    uintx GCDrainStackTargetSize                   = 64                                        {product} {ergonomic}
   size_t InitialHeapSize                          = 201326592                                 {product} {ergonomic}
   size_t MarkStackSize                            = 4194304                                   {product} {ergonomic}
   size_t MaxHeapSize                              = 3191865344                                {product} {ergonomic}
   size_t MaxNewSize                               = 1914699776                                {product} {ergonomic}
   size_t MinHeapDeltaBytes                        = 2097152                                   {product} {ergonomic}
   size_t MinHeapSize                              = 8388608                                   {product} {ergonomic}
    uintx NonNMethodCodeHeapSize                   = 5832780                                {pd product} {ergonomic}
    uintx NonProfiledCodeHeapSize                  = 122912730                              {pd product} {ergonomic}
    uintx ProfiledCodeHeapSize                     = 122912730                              {pd product} {ergonomic}
    uintx ReservedCodeCacheSize                    = 251658240                              {pd product} {ergonomic}
     bool SegmentedCodeCache                       = true                                      {product} {ergonomic}
   size_t SoftMaxHeapSize                          = 3191865344                             {manageable} {ergonomic}
     bool UseCompressedClassPointers               = true                           {product lp64_product} {ergonomic}
     bool UseCompressedOops                        = true                           {product lp64_product} {ergonomic}
     bool UseG1GC                                  = true                                      {product} {ergonomic}
     bool UseLargePagesIndividualAllocation        = false                                  {pd product} {ergonomic}

Logging:
Log output configuration:
 #0: stdout all=warning uptime,level,tags
 #1: stderr all=off uptime,level,tags

Environment Variables:
PATH=C:\Program Files (x86)\VMware\VMware Player\bin\;C:\ProgramData\Oracle\Java\javapath;C:\Program Files (x86)\Common Files\Oracle\Java\javapath;C:\Program Files\Common Files\Oracle\Java\javapath;C:\Program Files (x86)\Intel\iCLS Client\;C:\Program Files\Intel\iCLS Client\;C:\windows\system32;C:\windows;C:\windows\System32\Wbem;C:\windows\System32\WindowsPowerShell\v1.0\;C:\Program Files (x86)\Intel\Intel(R) Management Engine Components\DAL;C:\Program Files\Intel\Intel(R) Management Engine Components\DAL;C:\Program Files (x86)\Intel\Intel(R) Management Engine Components\IPT;C:\Program Files\Intel\Intel(R) Management Engine Components\IPT;C:\Windows\system32;C:\Windows;C:\Windows\System32\Wbem;C:\Windows\System32\WindowsPowerShell\v1.0\;C:\Users\Richard Loh\.dnx\bin;C:\Program Files\Microsoft DNX\Dnvm\;C:\Program Files\Microsoft SQL Server\120\Tools\Binn\;C:\Program Files\Microsoft SQL Server\130\Tools\Binn\;C:\Program Files\Microsoft SQL Server\Client SDK\ODBC\130\Tools\Binn\;C:\Program Files (x86)\Microsoft SQL Server\130\Tools\Binn\;C:\Program Files\Microsoft SQL Server\130\DTS\Binn\;C:\Program Files (x86)\Microsoft SQL Server\110\DTS\Binn\;C:\Program Files (x86)\Microsoft SQL Server\120\DTS\Binn\;C:\Program Files (x86)\Microsoft SQL Server\130\DTS\Binn\;C:\Program Files (x86)\NVIDIA Corporation\PhysX\Common;C:\WINDOWS\system32;C:\WINDOWS;C:\WINDOWS\System32\Wbem;C:\WINDOWS\System32\WindowsPowerShell\v1.0\;C:\WINDOWS\System32\OpenSSH\;C:\Program Files\Git\cmd;C:\Program Files\dotnet\;C:\ProgramData\chocolatey\bin;C:\Program Files\nodejs\;C:\Program Files\NVIDIA Corporation\NVIDIA NvDLISR;C:\Program Files\MySQL\MySQL Shell 8.0\bin\;C:\Users\Richard Loh\AppData\Local\Microsoft\WindowsApps;C:\Users\Richard Loh\AppData\Local\Programs\Microsoft VS Code\bin;C:\Users\Richard Loh\AppData\Local\GitHubDesktop\bin;C:\Users\Richard Loh\.dotnet\tools;C:\Users\Richard Loh\AppData\Roaming\npm
USERNAME=Richard Loh
OS=Windows_NT
PROCESSOR_IDENTIFIER=Intel64 Family 6 Model 142 Stepping 9, GenuineIntel



---------------  S Y S T E M  ---------------

OS:
 Windows 10 , 64 bit Build 19041 (10.0.19041.1151)
OS uptime: 4 days 23:08 hours
Hyper-V role detected

CPU: total 4 (initial active 4) (2 cores per cpu, 2 threads per core) family 6 model 142 stepping 9 microcode 0xde, cx8, cmov, fxsr, ht, mmx, 3dnowpref, sse, sse2, sse3, ssse3, sse4.1, sse4.2, popcnt, lzcnt, tsc, tscinvbit, avx, avx2, aes, erms, clmul, bmi1, bmi2, adx, fma, vzeroupper, clflush, clflushopt, hv

Memory: 4k page, system-wide physical 12173M (2035M free)
TotalPageFile size 49037M (AvailPageFile size 375M)
current process WorkingSet (physical memory assigned to process): 132M, peak: 132M
current process commit charge ("private bytes"): 274M, peak: 658M

vm_info: OpenJDK 64-Bit Server VM (16.0.2+7-67) for windows-amd64 JRE (16.0.2+7-67), built on Jun  8 2021 23:21:43 by "mach5one" with MS VC++ 16.7 (VS2019)

END.
