#
# There is insufficient memory for the Java Runtime Environment to continue.
# Native memory allocation (mmap) failed to map 402653184 bytes for G1 virtual space
# Possible reasons:
#   The system is out of physical RAM or swap space
#   The process is running with CompressedOops enabled, and the Java Heap may be blocking the growth of the native heap
# Possible solutions:
#   Reduce memory load on the system
#   Increase physical memory or swap space
#   Check if swap backing store is full
#   Decrease Java heap size (-Xmx/-Xms)
#   Decrease number of Java threads
#   Decrease Java thread stack sizes (-Xss)
#   Set larger code cache with -XX:ReservedCodeCacheSize=
#   JVM is running with Zero Based Compressed Oops mode in which the Java heap is
#     placed in the first 32GB address space. The Java Heap base address is the
#     maximum limit for the native heap growth. Please use -XX:HeapBaseMinAddress
#     to set the Java Heap base and to place the Java Heap above 32GB virtual address.
# This output file may be truncated or incomplete.
#
#  Out of Memory Error (os_windows.cpp:3466), pid=1708, tid=12896
#
# JRE version: OpenJDK Runtime Environment (16.0.2+7) (build 16.0.2+7-67)
# Java VM: OpenJDK 64-Bit Server VM (16.0.2+7-67, mixed mode, sharing, tiered, compressed oops, compressed class ptrs, g1 gc, windows-amd64)
# No core dump will be written. Minidumps are not enabled by default on client versions of Windows
#

---------------  S U M M A R Y ------------

Command Line: -javaagent:C:\Program Files\JetBrains\IntelliJ IDEA Community Edition 2020.2.3\lib\idea_rt.jar=4838:C:\Program Files\JetBrains\IntelliJ IDEA Community Edition 2020.2.3\bin -Dfile.encoding=UTF-8 -XX:CompileCommandFile=C:\Users\RICHAR~1\AppData\Local\Temp\jmh17266972534455441379compilecommand org.openjdk.jmh.runner.ForkedMain 127.0.0.1 4840

Host: Intel(R) Core(TM) i5-7200U CPU @ 2.50GHz, 4 cores, 11G,  Windows 10 , 64 bit Build 19041 (10.0.19041.1151)
Time: Thu Sep  2 11:25:10 2021 Malay Peninsula Standard Time elapsed time: 1.544925 seconds (0d 0h 0m 1s)

---------------  T H R E A D  ---------------

Current thread (0x0000024e53f99170):  VMThread "VM Thread" [stack: 0x000000772ab00000,0x000000772ac00000] [id=12896]

Stack: [0x000000772ab00000,0x000000772ac00000]
Native frames: (J=compiled Java code, j=interpreted, Vv=VM code, C=native code)
V  [jvm.dll+0x6681ca]
V  [jvm.dll+0x7c9e69]
V  [jvm.dll+0x7cb61e]
V  [jvm.dll+0x7cbc73]
V  [jvm.dll+0x242c55]
V  [jvm.dll+0x664f89]
V  [jvm.dll+0x659b75]
V  [jvm.dll+0x2fbfbb]
V  [jvm.dll+0x3031b6]
V  [jvm.dll+0x35299e]
V  [jvm.dll+0x352bcf]
V  [jvm.dll+0x2d3028]
V  [jvm.dll+0x2d0bb5]
V  [jvm.dll+0x2d01ec]
V  [jvm.dll+0x3152d2]
V  [jvm.dll+0x7d00ab]
V  [jvm.dll+0x7d0da4]
V  [jvm.dll+0x7d12a9]
V  [jvm.dll+0x7d1564]
V  [jvm.dll+0x7d1630]
V  [jvm.dll+0x7795aa]
V  [jvm.dll+0x667066]
C  [ucrtbase.dll+0x21bb2]
C  [KERNEL32.DLL+0x17034]
C  [ntdll.dll+0x52651]

VM_Operation (0x000000772b9fdf80): G1CollectForAllocation, mode: safepoint, requested by thread 0x0000024e54fcf600


---------------  P R O C E S S  ---------------

Threads class SMR info:
_java_thread_list=0x0000024e54f7c890, length=14, elements={
0x0000024e3230d430, 0x0000024e53fa2300, 0x0000024e53fa30d0, 0x0000024e53fafd20,
0x0000024e53fb4650, 0x0000024e53fb4f60, 0x0000024e53fb5870, 0x0000024e53fb74c0,
0x0000024e53fb7ec0, 0x0000024e54023790, 0x0000024e53f7dc50, 0x0000024e54ddf820,
0x0000024e54d93520, 0x0000024e54fcf600
}

Java Threads: ( => current thread )
  0x0000024e3230d430 JavaThread "main" [_thread_blocked, id=15432, stack(0x000000772a500000,0x000000772a600000)]
  0x0000024e53fa2300 JavaThread "Reference Handler" daemon [_thread_blocked, id=4840, stack(0x000000772ac00000,0x000000772ad00000)]
  0x0000024e53fa30d0 JavaThread "Finalizer" daemon [_thread_blocked, id=20572, stack(0x000000772ad00000,0x000000772ae00000)]
  0x0000024e53fafd20 JavaThread "Signal Dispatcher" daemon [_thread_blocked, id=23808, stack(0x000000772ae00000,0x000000772af00000)]
  0x0000024e53fb4650 JavaThread "Attach Listener" daemon [_thread_blocked, id=14472, stack(0x000000772af00000,0x000000772b000000)]
  0x0000024e53fb4f60 JavaThread "Service Thread" daemon [_thread_blocked, id=22536, stack(0x000000772b000000,0x000000772b100000)]
  0x0000024e53fb5870 JavaThread "Monitor Deflation Thread" daemon [_thread_blocked, id=22980, stack(0x000000772b100000,0x000000772b200000)]
  0x0000024e53fb74c0 JavaThread "C2 CompilerThread0" daemon [_thread_blocked, id=7876, stack(0x000000772b200000,0x000000772b300000)]
  0x0000024e53fb7ec0 JavaThread "C1 CompilerThread0" daemon [_thread_blocked, id=18112, stack(0x000000772b300000,0x000000772b400000)]
  0x0000024e54023790 JavaThread "Sweeper thread" daemon [_thread_blocked, id=5720, stack(0x000000772b400000,0x000000772b500000)]
  0x0000024e53f7dc50 JavaThread "Common-Cleaner" daemon [_thread_blocked, id=20000, stack(0x000000772b500000,0x000000772b600000)]
  0x0000024e54ddf820 JavaThread "Monitor Ctrl-Break" daemon [_thread_in_native, id=22296, stack(0x000000772b600000,0x000000772b700000)]
  0x0000024e54d93520 JavaThread "Notification Thread" daemon [_thread_blocked, id=22780, stack(0x000000772b700000,0x000000772b800000)]
  0x0000024e54fcf600 JavaThread "com.rts.lab.matrix.Sequential.test-jmh-worker-1" daemon [_thread_blocked, id=13860, stack(0x000000772b900000,0x000000772ba00000)]

Other Threads:
=>0x0000024e53f99170 VMThread "VM Thread" [stack: 0x000000772ab00000,0x000000772ac00000] [id=12896]
  0x0000024e3230e4b0 WatcherThread [stack: 0x000000772b800000,0x000000772b900000] [id=16068]
  0x0000024e323507a0 GCTaskThread "GC Thread#0" [stack: 0x000000772a600000,0x000000772a700000] [id=14380]
  0x0000024e54f83030 GCTaskThread "GC Thread#1" [stack: 0x000000772ba00000,0x000000772bb00000] [id=3840]
  0x0000024e54f83340 GCTaskThread "GC Thread#2" [stack: 0x000000772bb00000,0x000000772bc00000] [id=15140]
  0x0000024e54f83650 GCTaskThread "GC Thread#3" [stack: 0x000000772bc00000,0x000000772bd00000] [id=14164]
  0x0000024e3235f550 ConcurrentGCThread "G1 Main Marker" [stack: 0x000000772a700000,0x000000772a800000] [id=20916]
  0x0000024e3235fed0 ConcurrentGCThread "G1 Conc#0" [stack: 0x000000772a800000,0x000000772a900000] [id=23316]
  0x0000024e53e50090 ConcurrentGCThread "G1 Refine#0" [stack: 0x000000772a900000,0x000000772aa00000] [id=13704]
  0x0000024e53e50a20 ConcurrentGCThread "G1 Service" [stack: 0x000000772aa00000,0x000000772ab00000] [id=6448]

Threads with active compile tasks:

VM state: at safepoint (normal execution)

VM Mutex/Monitor currently owned by a thread:  ([mutex/lock_event])
[0x0000024e3230ae40] Threads_lock - owner thread: 0x0000024e53f99170
[0x0000024e3230a780] Heap_lock - owner thread: 0x0000024e54fcf600

Heap address: 0x0000000741c00000, size: 3044 MB, Compressed Oops mode: Zero based, Oop shift amount: 3

CDS archive(s) mapped at: [0x0000000800000000-0x0000000800bb0000-0x0000000800bb0000), size 12255232, SharedBaseAddress: 0x0000000800000000, ArchiveRelocationMode: 0.
Compressed class space mapped at: 0x0000000800c00000-0x0000000840c00000, reserved size: 1073741824
Narrow klass base: 0x0000000800000000, Narrow klass shift: 3, Narrow klass range: 0x100000000

GC Precious Log:
 CPUs: 4 total, 4 available
 Memory: 12173M
 Large Page Support: Disabled
 NUMA Support: Disabled
 Compressed Oops: Enabled (Zero based)
 Heap Region Size: 2M
 Heap Min Capacity: 8M
 Heap Initial Capacity: 192M
 Heap Max Capacity: 3044M
 Pre-touch: Disabled
 Parallel Workers: 4
 Concurrent Workers: 1
 Concurrent Refinement Workers: 4
 Periodic GC: Disabled

Heap:
 garbage-first heap   total 196608K, used 65724K [0x0000000741c00000, 0x0000000800000000)
  region size 2048K, 2 young (4096K), 2 survivors (4096K)
 Metaspace       used 3230K, committed 3392K, reserved 1056768K
  class space    used 329K, committed 448K, reserved 1048576K

Heap Regions: E=young(eden), S=young(survivor), O=old, HS=humongous(starts), HC=humongous(continues), CS=collection set, F=free, OA=open archive, CA=closed archive, TAMS=top-at-mark-start (previous, next)
|   0|0x0000000741c00000, 0x0000000741e00000, 0x0000000741e00000|100%| O|  |TAMS 0x0000000741c00000, 0x0000000741c00000| Untracked 
|   1|0x0000000741e00000, 0x0000000742000000, 0x0000000742000000|100%| O|  |TAMS 0x0000000741e00000, 0x0000000741e00000| Untracked 
|   2|0x0000000742000000, 0x0000000742200000, 0x0000000742200000|100%| O|  |TAMS 0x0000000742000000, 0x0000000742000000| Untracked 
|   3|0x0000000742200000, 0x0000000742400000, 0x0000000742400000|100%| O|  |TAMS 0x0000000742200000, 0x0000000742200000| Untracked 
|   4|0x0000000742400000, 0x0000000742600000, 0x0000000742600000|100%| O|  |TAMS 0x0000000742400000, 0x0000000742400000| Untracked 
|   5|0x0000000742600000, 0x0000000742800000, 0x0000000742800000|100%| O|  |TAMS 0x0000000742600000, 0x0000000742600000| Untracked 
|   6|0x0000000742800000, 0x0000000742a00000, 0x0000000742a00000|100%| O|  |TAMS 0x0000000742800000, 0x0000000742800000| Untracked 
|   7|0x0000000742a00000, 0x0000000742c00000, 0x0000000742c00000|100%| O|  |TAMS 0x0000000742a00000, 0x0000000742a00000| Untracked 
|   8|0x0000000742c00000, 0x0000000742e00000, 0x0000000742e00000|100%| O|  |TAMS 0x0000000742c00000, 0x0000000742c00000| Untracked 
|   9|0x0000000742e00000, 0x0000000743000000, 0x0000000743000000|100%| O|  |TAMS 0x0000000742e00000, 0x0000000742e00000| Untracked 
|  10|0x0000000743000000, 0x0000000743200000, 0x0000000743200000|100%| O|  |TAMS 0x0000000743000000, 0x0000000743000000| Untracked 
|  11|0x0000000743200000, 0x0000000743400000, 0x0000000743400000|100%| O|  |TAMS 0x0000000743200000, 0x0000000743200000| Untracked 
|  12|0x0000000743400000, 0x0000000743600000, 0x0000000743600000|100%| O|  |TAMS 0x0000000743400000, 0x0000000743400000| Untracked 
|  13|0x0000000743600000, 0x0000000743800000, 0x0000000743800000|100%| O|  |TAMS 0x0000000743600000, 0x0000000743600000| Untracked 
|  14|0x0000000743800000, 0x0000000743a00000, 0x0000000743a00000|100%| O|  |TAMS 0x0000000743800000, 0x0000000743800000| Untracked 
|  15|0x0000000743a00000, 0x0000000743c00000, 0x0000000743c00000|100%| O|  |TAMS 0x0000000743a00000, 0x0000000743a00000| Untracked 
|  16|0x0000000743c00000, 0x0000000743e00000, 0x0000000743e00000|100%| O|  |TAMS 0x0000000743c00000, 0x0000000743c00000| Untracked 
|  17|0x0000000743e00000, 0x0000000744000000, 0x0000000744000000|100%| O|  |TAMS 0x0000000743e00000, 0x0000000743e00000| Untracked 
|  18|0x0000000744000000, 0x0000000744200000, 0x0000000744200000|100%| O|  |TAMS 0x0000000744000000, 0x0000000744000000| Untracked 
|  19|0x0000000744200000, 0x0000000744400000, 0x0000000744400000|100%| O|  |TAMS 0x0000000744200000, 0x0000000744200000| Untracked 
|  20|0x0000000744400000, 0x0000000744600000, 0x0000000744600000|100%| O|  |TAMS 0x0000000744400000, 0x0000000744400000| Untracked 
|  21|0x0000000744600000, 0x0000000744800000, 0x0000000744800000|100%| O|  |TAMS 0x0000000744600000, 0x0000000744600000| Untracked 
|  22|0x0000000744800000, 0x0000000744a00000, 0x0000000744a00000|100%| O|  |TAMS 0x0000000744800000, 0x0000000744800000| Untracked 
|  23|0x0000000744a00000, 0x0000000744c00000, 0x0000000744c00000|100%| O|  |TAMS 0x0000000744a00000, 0x0000000744a00000| Untracked 
|  24|0x0000000744c00000, 0x0000000744e00000, 0x0000000744e00000|100%| O|  |TAMS 0x0000000744c00000, 0x0000000744c00000| Untracked 
|  25|0x0000000744e00000, 0x0000000745000000, 0x0000000745000000|100%| O|  |TAMS 0x0000000744e00000, 0x0000000744e00000| Untracked 
|  26|0x0000000745000000, 0x0000000745200000, 0x0000000745200000|100%| O|  |TAMS 0x0000000745000000, 0x0000000745000000| Untracked 
|  27|0x0000000745200000, 0x0000000745400000, 0x0000000745400000|100%| O|  |TAMS 0x0000000745200000, 0x0000000745200000| Untracked 
|  28|0x0000000745400000, 0x0000000745600000, 0x0000000745600000|100%| O|  |TAMS 0x0000000745400000, 0x0000000745400000| Untracked 
|  29|0x0000000745600000, 0x0000000745800000, 0x0000000745800000|100%| O|  |TAMS 0x0000000745600000, 0x0000000745600000| Untracked 
|  30|0x0000000745800000, 0x000000074582f000, 0x0000000745a00000|  9%| O|  |TAMS 0x0000000745800000, 0x0000000745800000| Untracked 
|  31|0x0000000745a00000, 0x0000000745a00000, 0x0000000745c00000|  0%| F|  |TAMS 0x0000000745a00000, 0x0000000745a00000| Untracked 
|  32|0x0000000745c00000, 0x0000000745c00000, 0x0000000745e00000|  0%| F|  |TAMS 0x0000000745c00000, 0x0000000745c00000| Untracked 
|  33|0x0000000745e00000, 0x0000000745e00000, 0x0000000746000000|  0%| F|  |TAMS 0x0000000745e00000, 0x0000000745e00000| Untracked 
|  34|0x0000000746000000, 0x0000000746000000, 0x0000000746200000|  0%| F|  |TAMS 0x0000000746000000, 0x0000000746000000| Untracked 
|  35|0x0000000746200000, 0x0000000746200000, 0x0000000746400000|  0%| F|  |TAMS 0x0000000746200000, 0x0000000746200000| Untracked 
|  36|0x0000000746400000, 0x0000000746400000, 0x0000000746600000|  0%| F|  |TAMS 0x0000000746400000, 0x0000000746400000| Untracked 
|  37|0x0000000746600000, 0x0000000746600000, 0x0000000746800000|  0%| F|  |TAMS 0x0000000746600000, 0x0000000746600000| Untracked 
|  38|0x0000000746800000, 0x0000000746800000, 0x0000000746a00000|  0%| F|  |TAMS 0x0000000746800000, 0x0000000746800000| Untracked 
|  39|0x0000000746a00000, 0x0000000746a00000, 0x0000000746c00000|  0%| F|  |TAMS 0x0000000746a00000, 0x0000000746a00000| Untracked 
|  40|0x0000000746c00000, 0x0000000746c00000, 0x0000000746e00000|  0%| F|  |TAMS 0x0000000746c00000, 0x0000000746c00000| Untracked 
|  41|0x0000000746e00000, 0x0000000746e00000, 0x0000000747000000|  0%| F|  |TAMS 0x0000000746e00000, 0x0000000746e00000| Untracked 
|  42|0x0000000747000000, 0x0000000747000000, 0x0000000747200000|  0%| F|  |TAMS 0x0000000747000000, 0x0000000747000000| Untracked 
|  43|0x0000000747200000, 0x0000000747200000, 0x0000000747400000|  0%| F|  |TAMS 0x0000000747200000, 0x0000000747200000| Untracked 
|  44|0x0000000747400000, 0x0000000747400000, 0x0000000747600000|  0%| F|  |TAMS 0x0000000747400000, 0x0000000747400000| Untracked 
|  45|0x0000000747600000, 0x0000000747600000, 0x0000000747800000|  0%| F|  |TAMS 0x0000000747600000, 0x0000000747600000| Untracked 
|  46|0x0000000747800000, 0x0000000747800000, 0x0000000747a00000|  0%| F|  |TAMS 0x0000000747800000, 0x0000000747800000| Untracked 
|  47|0x0000000747a00000, 0x0000000747a00000, 0x0000000747c00000|  0%| F|  |TAMS 0x0000000747a00000, 0x0000000747a00000| Untracked 
|  48|0x0000000747c00000, 0x0000000747c00000, 0x0000000747e00000|  0%| F|  |TAMS 0x0000000747c00000, 0x0000000747c00000| Untracked 
|  49|0x0000000747e00000, 0x0000000747e00000, 0x0000000748000000|  0%| F|  |TAMS 0x0000000747e00000, 0x0000000747e00000| Untracked 
|  50|0x0000000748000000, 0x0000000748000000, 0x0000000748200000|  0%| F|  |TAMS 0x0000000748000000, 0x0000000748000000| Untracked 
|  51|0x0000000748200000, 0x0000000748200000, 0x0000000748400000|  0%| F|  |TAMS 0x0000000748200000, 0x0000000748200000| Untracked 
|  52|0x0000000748400000, 0x0000000748400000, 0x0000000748600000|  0%| F|  |TAMS 0x0000000748400000, 0x0000000748400000| Untracked 
|  53|0x0000000748600000, 0x0000000748600000, 0x0000000748800000|  0%| F|  |TAMS 0x0000000748600000, 0x0000000748600000| Untracked 
|  54|0x0000000748800000, 0x0000000748800000, 0x0000000748a00000|  0%| F|  |TAMS 0x0000000748800000, 0x0000000748800000| Untracked 
|  55|0x0000000748a00000, 0x0000000748a00000, 0x0000000748c00000|  0%| F|  |TAMS 0x0000000748a00000, 0x0000000748a00000| Untracked 
|  56|0x0000000748c00000, 0x0000000748c00000, 0x0000000748e00000|  0%| F|  |TAMS 0x0000000748c00000, 0x0000000748c00000| Untracked 
|  57|0x0000000748e00000, 0x0000000748e00000, 0x0000000749000000|  0%| F|  |TAMS 0x0000000748e00000, 0x0000000748e00000| Untracked 
|  58|0x0000000749000000, 0x0000000749000000, 0x0000000749200000|  0%| F|  |TAMS 0x0000000749000000, 0x0000000749000000| Untracked 
|  59|0x0000000749200000, 0x0000000749200000, 0x0000000749400000|  0%| F|  |TAMS 0x0000000749200000, 0x0000000749200000| Untracked 
|  60|0x0000000749400000, 0x0000000749400000, 0x0000000749600000|  0%| F|  |TAMS 0x0000000749400000, 0x0000000749400000| Untracked 
|  61|0x0000000749600000, 0x0000000749600000, 0x0000000749800000|  0%| F|  |TAMS 0x0000000749600000, 0x0000000749600000| Untracked 
|  62|0x0000000749800000, 0x0000000749800000, 0x0000000749a00000|  0%| F|  |TAMS 0x0000000749800000, 0x0000000749800000| Untracked 
|  63|0x0000000749a00000, 0x0000000749a00000, 0x0000000749c00000|  0%| F|  |TAMS 0x0000000749a00000, 0x0000000749a00000| Untracked 
|  64|0x0000000749c00000, 0x0000000749c00000, 0x0000000749e00000|  0%| F|  |TAMS 0x0000000749c00000, 0x0000000749c00000| Untracked 
|  65|0x0000000749e00000, 0x0000000749e00000, 0x000000074a000000|  0%| F|  |TAMS 0x0000000749e00000, 0x0000000749e00000| Untracked 
|  66|0x000000074a000000, 0x000000074a000000, 0x000000074a200000|  0%| F|  |TAMS 0x000000074a000000, 0x000000074a000000| Untracked 
|  67|0x000000074a200000, 0x000000074a200000, 0x000000074a400000|  0%| F|  |TAMS 0x000000074a200000, 0x000000074a200000| Untracked 
|  68|0x000000074a400000, 0x000000074a400000, 0x000000074a600000|  0%| F|  |TAMS 0x000000074a400000, 0x000000074a400000| Untracked 
|  69|0x000000074a600000, 0x000000074a600000, 0x000000074a800000|  0%| F|  |TAMS 0x000000074a600000, 0x000000074a600000| Untracked 
|  70|0x000000074a800000, 0x000000074a800000, 0x000000074aa00000|  0%| F|  |TAMS 0x000000074a800000, 0x000000074a800000| Untracked 
|  71|0x000000074aa00000, 0x000000074aa00000, 0x000000074ac00000|  0%| F|  |TAMS 0x000000074aa00000, 0x000000074aa00000| Untracked 
|  72|0x000000074ac00000, 0x000000074ac00000, 0x000000074ae00000|  0%| F|  |TAMS 0x000000074ac00000, 0x000000074ac00000| Untracked 
|  73|0x000000074ae00000, 0x000000074ae00000, 0x000000074b000000|  0%| F|  |TAMS 0x000000074ae00000, 0x000000074ae00000| Untracked 
|  74|0x000000074b000000, 0x000000074b000000, 0x000000074b200000|  0%| F|  |TAMS 0x000000074b000000, 0x000000074b000000| Untracked 
|  75|0x000000074b200000, 0x000000074b200000, 0x000000074b400000|  0%| F|  |TAMS 0x000000074b200000, 0x000000074b200000| Untracked 
|  76|0x000000074b400000, 0x000000074b400000, 0x000000074b600000|  0%| F|  |TAMS 0x000000074b400000, 0x000000074b400000| Untracked 
|  77|0x000000074b600000, 0x000000074b600000, 0x000000074b800000|  0%| F|  |TAMS 0x000000074b600000, 0x000000074b600000| Untracked 
|  78|0x000000074b800000, 0x000000074b800000, 0x000000074ba00000|  0%| F|  |TAMS 0x000000074b800000, 0x000000074b800000| Untracked 
|  79|0x000000074ba00000, 0x000000074ba00000, 0x000000074bc00000|  0%| F|  |TAMS 0x000000074ba00000, 0x000000074ba00000| Untracked 
|  80|0x000000074bc00000, 0x000000074bc00000, 0x000000074be00000|  0%| F|  |TAMS 0x000000074bc00000, 0x000000074bc00000| Untracked 
|  81|0x000000074be00000, 0x000000074c000000, 0x000000074c000000|100%| S|CS|TAMS 0x000000074be00000, 0x000000074be00000| Complete 
|  82|0x000000074c000000, 0x000000074c200000, 0x000000074c200000|100%| S|CS|TAMS 0x000000074c000000, 0x000000074c000000| Complete 
|  83|0x000000074c200000, 0x000000074c200000, 0x000000074c400000|  0%| F|  |TAMS 0x000000074c200000, 0x000000074c200000| Untracked 
|  84|0x000000074c400000, 0x000000074c400000, 0x000000074c600000|  0%| F|  |TAMS 0x000000074c400000, 0x000000074c400000| Untracked 
|  85|0x000000074c600000, 0x000000074c600000, 0x000000074c800000|  0%| F|  |TAMS 0x000000074c600000, 0x000000074c600000| Untracked 
|  86|0x000000074c800000, 0x000000074c800000, 0x000000074ca00000|  0%| F|  |TAMS 0x000000074c800000, 0x000000074c800000| Untracked 
|  87|0x000000074ca00000, 0x000000074ca00000, 0x000000074cc00000|  0%| F|  |TAMS 0x000000074ca00000, 0x000000074ca00000| Untracked 
|  88|0x000000074cc00000, 0x000000074cc00000, 0x000000074ce00000|  0%| F|  |TAMS 0x000000074cc00000, 0x000000074cc00000| Untracked 
|  89|0x000000074ce00000, 0x000000074ce00000, 0x000000074d000000|  0%| F|  |TAMS 0x000000074ce00000, 0x000000074ce00000| Untracked 
|  90|0x000000074d000000, 0x000000074d000000, 0x000000074d200000|  0%| F|  |TAMS 0x000000074d000000, 0x000000074d000000| Untracked 
|  91|0x000000074d200000, 0x000000074d200000, 0x000000074d400000|  0%| F|  |TAMS 0x000000074d200000, 0x000000074d200000| Untracked 
|  92|0x000000074d400000, 0x000000074d400000, 0x000000074d600000|  0%| F|  |TAMS 0x000000074d400000, 0x000000074d400000| Untracked 
|  93|0x000000074d600000, 0x000000074d600000, 0x000000074d800000|  0%| F|  |TAMS 0x000000074d600000, 0x000000074d600000| Untracked 
|  94|0x000000074d800000, 0x000000074d800000, 0x000000074da00000|  0%| F|  |TAMS 0x000000074d800000, 0x000000074d800000| Untracked 
|  95|0x000000074da00000, 0x000000074da00000, 0x000000074dc00000|  0%| F|  |TAMS 0x000000074da00000, 0x000000074da00000| Untracked 

Card table byte_map: [0x0000024e4ae90000,0x0000024e4b490000] _byte_map_base: 0x0000024e47482000

Marking Bits (Prev, Next): (CMBitMap*) 0x0000024e32351d30, (CMBitMap*) 0x0000024e32351d70
 Prev Bits: [0x0000024e4ba90000, 0x0000024e4ea20000)
 Next Bits: [0x0000024e4ea20000, 0x0000024e519b0000)

Polling page: 0x0000024e323e0000

Metaspace:

Usage:
  Non-class:      2.83 MB used.
      Class:    329.61 KB used.
       Both:      3.16 MB used.

Virtual space:
  Non-class space:        8.00 MB reserved,       2.88 MB ( 36%) committed,  1 nodes.
      Class space:        1.00 GB reserved,     448.00 KB ( <1%) committed,  1 nodes.
              Both:        1.01 GB reserved,       3.31 MB ( <1%) committed. 

Chunk freelists:
   Non-Class:  3.32 MB
       Class:  3.61 MB
        Both:  6.92 MB

MaxMetaspaceSize: 17179869184.00 GB
CompressedClassSpaceSize: 1.00 GB
 - commit_granule_bytes: 65536.
 - commit_granule_words: 8192.
 - virtual_space_node_default_size: 1048576.
 - enlarge_chunks_in_place: 1.
 - new_chunks_are_fully_committed: 0.
 - uncommit_free_chunks: 1.
 - use_allocation_guard: 0.
 - handle_deallocations: 1.


Internal statistics:

num_allocs_failed_limit: 0.
num_arena_births: 100.
num_arena_deaths: 0.
num_vsnodes_births: 2.
num_vsnodes_deaths: 0.
num_space_committed: 53.
num_space_uncommitted: 0.
num_chunks_returned_to_freelist: 0.
num_chunks_taken_from_freelist: 169.
num_chunk_merges: 0.
num_chunk_splits: 94.
num_chunks_enlarged: 44.
num_purges: 0.

CodeHeap 'non-profiled nmethods': size=120000Kb used=214Kb max_used=214Kb free=119785Kb
 bounds [0x0000024e42d10000, 0x0000024e42f80000, 0x0000024e4a240000]
CodeHeap 'profiled nmethods': size=120000Kb used=902Kb max_used=902Kb free=119097Kb
 bounds [0x0000024e3b7e0000, 0x0000024e3ba50000, 0x0000024e42d10000]
CodeHeap 'non-nmethods': size=5760Kb used=1152Kb max_used=1167Kb free=4607Kb
 bounds [0x0000024e3b240000, 0x0000024e3b4b0000, 0x0000024e3b7e0000]
 total_blobs=1079 nmethods=642 adapters=350
 compilation: enabled
              stopped_count=0, restarted_count=0
 full_count=0

Compilation events (20 events):
Event: 1.160 Thread 0x0000024e53fb7ec0  633       3       java.util.concurrent.atomic.AtomicLong::compareAndSet (13 bytes)
Event: 1.160 Thread 0x0000024e53fb7ec0 nmethod 633 0x0000024e3b8bf590 code [0x0000024e3b8bf720, 0x0000024e3b8bf858]
Event: 1.160 Thread 0x0000024e53fb7ec0  634       3       java.util.Random::next (47 bytes)
Event: 1.160 Thread 0x0000024e53fb7ec0 nmethod 634 0x0000024e3b8bf910 code [0x0000024e3b8bfac0, 0x0000024e3b8bfd48]
Event: 1.160 Thread 0x0000024e53fb74c0  636       4       java.util.concurrent.atomic.AtomicLong::compareAndSet (13 bytes)
Event: 1.160 Thread 0x0000024e53fb7ec0  635       3       java.util.Random::nextDouble (24 bytes)
Event: 1.161 Thread 0x0000024e53fb7ec0 nmethod 635 0x0000024e3b8bfe90 code [0x0000024e3b8c0060, 0x0000024e3b8c0338]
Event: 1.161 Thread 0x0000024e53fb74c0 nmethod 636 0x0000024e42d43810 code [0x0000024e42d43980, 0x0000024e42d43a18]
Event: 1.161 Thread 0x0000024e53fb74c0  637       4       java.util.Random::next (47 bytes)
Event: 1.162 Thread 0x0000024e53fb74c0 nmethod 637 0x0000024e42d43b10 code [0x0000024e42d43ca0, 0x0000024e42d43d98]
Event: 1.162 Thread 0x0000024e53fb74c0  638       4       java.util.Random::nextDouble (24 bytes)
Event: 1.164 Thread 0x0000024e53fb74c0 nmethod 638 0x0000024e42d43e90 code [0x0000024e42d44040, 0x0000024e42d441d8]
Event: 1.166 Thread 0x0000024e53fb7ec0  639 %     3       com.rts.lab.matrix.Generator::generate @ 27 (62 bytes)
Event: 1.167 Thread 0x0000024e53fb7ec0 nmethod 639% 0x0000024e3b8c0410 code [0x0000024e3b8c0620, 0x0000024e3b8c0b58]
Event: 1.167 Thread 0x0000024e53fb7ec0  640       3       com.rts.lab.matrix.Generator::generate (62 bytes)
Event: 1.167 Thread 0x0000024e53fb7ec0 nmethod 640 0x0000024e3b8c0d90 code [0x0000024e3b8c0fa0, 0x0000024e3b8c1608]
Event: 1.168 Thread 0x0000024e53fb74c0  641 %     4       com.rts.lab.matrix.Generator::generate @ 27 (62 bytes)
Event: 1.179 Thread 0x0000024e53fb74c0 nmethod 641% 0x0000024e42d44390 code [0x0000024e42d44560, 0x0000024e42d44b78]
Event: 1.345 Thread 0x0000024e53fb74c0  642       4       com.rts.lab.matrix.Generator::generate (62 bytes)
Event: 1.354 Thread 0x0000024e53fb74c0 nmethod 642 0x0000024e42d44f10 code [0x0000024e42d450e0, 0x0000024e42d45518]

GC Heap History (9 events):
Event: 1.074 GC heap before
{Heap before GC invocations=0 (full 0):
 garbage-first heap   total 196608K, used 10240K [0x0000000741c00000, 0x0000000800000000)
  region size 2048K, 6 young (12288K), 0 survivors (0K)
 Metaspace       used 3228K, committed 3392K, reserved 1056768K
  class space    used 329K, committed 448K, reserved 1048576K
}
Event: 1.147 GC heap after
{Heap after GC invocations=1 (full 0):
 garbage-first heap   total 196608K, used 6399K [0x0000000741c00000, 0x0000000800000000)
  region size 2048K, 1 young (2048K), 1 survivors (2048K)
 Metaspace       used 3228K, committed 3392K, reserved 1056768K
  class space    used 329K, committed 448K, reserved 1048576K
}
Event: 1.148 GC heap before
{Heap before GC invocations=1 (full 0):
 garbage-first heap   total 196608K, used 14591K [0x0000000741c00000, 0x0000000800000000)
  region size 2048K, 5 young (10240K), 1 survivors (2048K)
 Metaspace       used 3228K, committed 3392K, reserved 1056768K
  class space    used 329K, committed 448K, reserved 1048576K
}
Event: 1.152 GC heap after
{Heap after GC invocations=2 (full 0):
 garbage-first heap   total 196608K, used 14618K [0x0000000741c00000, 0x0000000800000000)
  region size 2048K, 1 young (2048K), 1 survivors (2048K)
 Metaspace       used 3228K, committed 3392K, reserved 1056768K
  class space    used 329K, committed 448K, reserved 1048576K
}
Event: 1.154 GC heap before
{Heap before GC invocations=2 (full 0):
 garbage-first heap   total 196608K, used 24858K [0x0000000741c00000, 0x0000000800000000)
  region size 2048K, 7 young (14336K), 1 survivors (2048K)
 Metaspace       used 3228K, committed 3392K, reserved 1056768K
  class space    used 329K, committed 448K, reserved 1048576K
}
Event: 1.159 GC heap after
{Heap after GC invocations=3 (full 0):
 garbage-first heap   total 196608K, used 26906K [0x0000000741c00000, 0x0000000800000000)
  region size 2048K, 1 young (2048K), 1 survivors (2048K)
 Metaspace       used 3228K, committed 3392K, reserved 1056768K
  class space    used 329K, committed 448K, reserved 1048576K
}
Event: 1.333 GC heap before
{Heap before GC invocations=3 (full 0):
 garbage-first heap   total 196608K, used 41242K [0x0000000741c00000, 0x0000000800000000)
  region size 2048K, 9 young (18432K), 1 survivors (2048K)
 Metaspace       used 3230K, committed 3392K, reserved 1056768K
  class space    used 329K, committed 448K, reserved 1048576K
}
Event: 1.340 GC heap after
{Heap after GC invocations=4 (full 0):
 garbage-first heap   total 196608K, used 43290K [0x0000000741c00000, 0x0000000800000000)
  region size 2048K, 2 young (4096K), 2 survivors (4096K)
 Metaspace       used 3230K, committed 3392K, reserved 1056768K
  class space    used 329K, committed 448K, reserved 1048576K
}
Event: 1.531 GC heap before
{Heap before GC invocations=4 (full 0):
 garbage-first heap   total 196608K, used 63770K [0x0000000741c00000, 0x0000000800000000)
  region size 2048K, 13 young (26624K), 2 survivors (4096K)
 Metaspace       used 3230K, committed 3392K, reserved 1056768K
  class space    used 329K, committed 448K, reserved 1048576K
}

Deoptimization events (18 events):
Event: 0.342 Thread 0x0000024e3230d430 Uncommon trap: trap_request=0xffffff45 fr.pc=0x0000024e42d1e428 relative=0x0000000000000088
Event: 0.342 Thread 0x0000024e3230d430 Uncommon trap: reason=unstable_if action=reinterpret pc=0x0000024e42d1e428 method=java.lang.String.charAt(I)C @ 4 c2
Event: 0.342 Thread 0x0000024e3230d430 DEOPT PACKING pc=0x0000024e42d1e428 sp=0x000000772a5febd0
Event: 0.342 Thread 0x0000024e3230d430 DEOPT UNPACKING pc=0x0000024e3b28d72e sp=0x000000772a5feb70 mode 2
Event: 0.424 Thread 0x0000024e3230d430 Uncommon trap: trap_request=0xffffff45 fr.pc=0x0000024e42d1b0a8 relative=0x00000000000006c8
Event: 0.424 Thread 0x0000024e3230d430 Uncommon trap: reason=unstable_if action=reinterpret pc=0x0000024e42d1b0a8 method=java.util.HashMap.putVal(ILjava/lang/Object;Ljava/lang/Object;ZZ)Ljava/lang/Object; @ 69 c2
Event: 0.424 Thread 0x0000024e3230d430 DEOPT PACKING pc=0x0000024e42d1b0a8 sp=0x000000772a5fe9a0
Event: 0.424 Thread 0x0000024e3230d430 DEOPT UNPACKING pc=0x0000024e3b28d72e sp=0x000000772a5fe940 mode 2
Event: 0.723 Thread 0x0000024e3230d430 DEOPT PACKING pc=0x0000024e3b7fffe7 sp=0x000000772a5fd5a0
Event: 0.723 Thread 0x0000024e3230d430 DEOPT UNPACKING pc=0x0000024e3b28dece sp=0x000000772a5fc9c0 mode 0
Event: 0.818 Thread 0x0000024e3230d430 DEOPT PACKING pc=0x0000024e3b7ff351 sp=0x000000772a5f9ea0
Event: 0.818 Thread 0x0000024e3230d430 DEOPT UNPACKING pc=0x0000024e3b28dece sp=0x000000772a5f9318 mode 0
Event: 0.832 Thread 0x0000024e3230d430 DEOPT PACKING pc=0x0000024e3b7ff351 sp=0x000000772a5f5d60
Event: 0.832 Thread 0x0000024e3230d430 DEOPT UNPACKING pc=0x0000024e3b28dece sp=0x000000772a5f51d8 mode 0
Event: 1.179 Thread 0x0000024e54fcf600 DEOPT PACKING pc=0x0000024e3b8c0a95 sp=0x000000772b9fe390
Event: 1.179 Thread 0x0000024e54fcf600 DEOPT UNPACKING pc=0x0000024e3b28dece sp=0x000000772b9fd898 mode 0
Event: 1.345 Thread 0x0000024e54fcf600 DEOPT PACKING pc=0x0000024e3b8c1524 sp=0x000000772b9fe3a0
Event: 1.345 Thread 0x0000024e54fcf600 DEOPT UNPACKING pc=0x0000024e3b28dece sp=0x000000772b9fd898 mode 0

Classes unloaded (0 events):
No events

Classes redefined (0 events):
No events

Internal exceptions (9 events):
Event: 0.374 Thread 0x0000024e3230d430 Exception <a 'java/lang/NoSuchMethodError'{0x000000074d80f8f8}: 'java.lang.Object java.lang.invoke.DirectMethodHandle$Holder.invokeStatic(java.lang.Object)'> (0x000000074d80f8f8) 
thrown [t:\workspace\open\src\hotspot\share\interpreter\linkResolver.cpp, line 790]
Event: 0.376 Thread 0x0000024e3230d430 Exception <a 'java/lang/NoSuchMethodError'{0x000000074d813208}: 'java.lang.Object java.lang.invoke.DirectMethodHandle$Holder.invokeStaticInit(java.lang.Object)'> (0x000000074d813208) 
thrown [t:\workspace\open\src\hotspot\share\interpreter\linkResolver.cpp, line 790]
Event: 0.386 Thread 0x0000024e3230d430 Exception <a 'java/lang/NoSuchMethodError'{0x000000074d820f90}: 'void java.lang.invoke.DirectMethodHandle$Holder.invokeStatic(java.lang.Object, java.lang.Object)'> (0x000000074d820f90) 
thrown [t:\workspace\open\src\hotspot\share\interpreter\linkResolver.cpp, line 790]
Event: 0.386 Thread 0x0000024e54ddf820 Exception <a 'java/lang/NoSuchMethodError'{0x000000074d83f3e0}: 'void java.lang.invoke.DirectMethodHandle$Holder.invokeStatic(java.lang.Object, java.lang.Object)'> (0x000000074d83f3e0) 
thrown [t:\workspace\open\src\hotspot\share\interpreter\linkResolver.cpp, line 790]
Event: 0.564 Thread 0x0000024e3230d430 Exception <a 'java/lang/NoSuchMethodError'{0x000000074d98d638}: 'java.lang.Object java.lang.invoke.DirectMethodHandle$Holder.invokeInterface(java.lang.Object, java.lang.Object)'> (0x000000074d98d638) 
thrown [t:\workspace\open\src\hotspot\share\interpreter\linkResolver.cpp, line 790]
Event: 0.570 Thread 0x0000024e3230d430 Exception <a 'java/lang/NoSuchMethodError'{0x000000074d995a48}: 'java.lang.Object java.lang.invoke.DirectMethodHandle$Holder.invokeStaticInit(java.lang.Object, java.lang.Object, java.lang.Object)'> (0x000000074d995a48) 
thrown [t:\workspace\open\src\hotspot\share\interpreter\linkResolver.cpp, line 790]
Event: 0.583 Thread 0x0000024e3230d430 Exception <a 'java/lang/NoSuchMethodError'{0x000000074d9bb448}: 'int java.lang.invoke.DirectMethodHandle$Holder.invokeSpecial(java.lang.Object, java.lang.Object, java.lang.Object)'> (0x000000074d9bb448) 
thrown [t:\workspace\open\src\hotspot\share\interpreter\linkResolver.cpp, line 790]
Event: 0.943 Thread 0x0000024e3230d430 Exception <a 'java/lang/NoSuchMethodError'{0x000000074d4d1990}: static [Ljava/lang/Object;.<clinit>()V> (0x000000074d4d1990) 
thrown [t:\workspace\open\src\hotspot\share\prims\jni.cpp, line 1210]
Event: 0.984 Thread 0x0000024e3230d430 Exception <a 'java/lang/NoSuchMethodError'{0x000000074d518d68}: static [I.<clinit>()V> (0x000000074d518d68) 
thrown [t:\workspace\open\src\hotspot\share\prims\jni.cpp, line 1210]

Events (20 events):
Event: 1.008 loading class java/util/concurrent/locks/AbstractQueuedSynchronizer$ExclusiveNode done
Event: 1.067 loading class java/util/concurrent/atomic/AtomicIntegerFieldUpdater
Event: 1.067 loading class java/util/concurrent/atomic/AtomicIntegerFieldUpdater done
Event: 1.067 loading class java/util/concurrent/atomic/AtomicIntegerFieldUpdater$AtomicIntegerFieldUpdaterImpl
Event: 1.067 loading class java/util/concurrent/atomic/AtomicIntegerFieldUpdater$AtomicIntegerFieldUpdaterImpl done
Event: 1.067 loading class java/util/concurrent/atomic/AtomicIntegerFieldUpdater$AtomicIntegerFieldUpdaterImpl$1
Event: 1.068 loading class java/util/concurrent/atomic/AtomicIntegerFieldUpdater$AtomicIntegerFieldUpdaterImpl$1 done
Event: 1.069 loading class java/util/concurrent/locks/AbstractQueuedSynchronizer$ConditionNode
Event: 1.069 loading class java/util/concurrent/ForkJoinPool$ManagedBlocker
Event: 1.069 loading class java/util/concurrent/ForkJoinPool$ManagedBlocker done
Event: 1.069 loading class java/util/concurrent/locks/AbstractQueuedSynchronizer$ConditionNode done
Event: 1.073 Executing  VM operation: G1CollectForAllocation
Event: 1.147 Executing  VM operation: G1CollectForAllocation done
Event: 1.148 Executing  VM operation: G1CollectForAllocation
Event: 1.152 Executing  VM operation: G1CollectForAllocation done
Event: 1.154 Executing  VM operation: G1CollectForAllocation
Event: 1.159 Executing  VM operation: G1CollectForAllocation done
Event: 1.333 Executing  VM operation: G1CollectForAllocation
Event: 1.340 Executing  VM operation: G1CollectForAllocation done
Event: 1.530 Executing  VM operation: G1CollectForAllocation


Dynamic libraries:
0x00007ff6cd5f0000 - 0x00007ff6cd5fe000 	C:\Users\Richard Loh\.jdks\openjdk-16.0.2\bin\java.exe
0x00007ffb781b0000 - 0x00007ffb783a5000 	C:\WINDOWS\SYSTEM32\ntdll.dll
0x00007ffb78000000 - 0x00007ffb780bd000 	C:\WINDOWS\System32\KERNEL32.DLL
0x00007ffb75d50000 - 0x00007ffb76019000 	C:\WINDOWS\System32\KERNELBASE.dll
0x00007ffb72a70000 - 0x00007ffb72b00000 	C:\WINDOWS\SYSTEM32\apphelp.dll
0x00007ffb76110000 - 0x00007ffb76210000 	C:\WINDOWS\System32\ucrtbase.dll
0x00007ffb6bf10000 - 0x00007ffb6bf28000 	C:\Users\Richard Loh\.jdks\openjdk-16.0.2\bin\jli.dll
0x00007ffb77c70000 - 0x00007ffb77e10000 	C:\WINDOWS\System32\USER32.dll
0x00007ffb758e0000 - 0x00007ffb75902000 	C:\WINDOWS\System32\win32u.dll
0x00007ffb77390000 - 0x00007ffb773ba000 	C:\WINDOWS\System32\GDI32.dll
0x00007ffb75c40000 - 0x00007ffb75d4b000 	C:\WINDOWS\System32\gdi32full.dll
0x00007ffb75a40000 - 0x00007ffb75add000 	C:\WINDOWS\System32\msvcp_win.dll
0x00007ffb6ac60000 - 0x00007ffb6ac79000 	C:\Users\Richard Loh\.jdks\openjdk-16.0.2\bin\VCRUNTIME140.dll
0x00007ffb5d130000 - 0x00007ffb5d3ca000 	C:\WINDOWS\WinSxS\amd64_microsoft.windows.common-controls_6595b64144ccf1df_6.0.19041.1110_none_60b5254171f9507e\COMCTL32.dll
0x00007ffb769b0000 - 0x00007ffb76a4e000 	C:\WINDOWS\System32\msvcrt.dll
0x00007ffb76ab0000 - 0x00007ffb76ae0000 	C:\WINDOWS\System32\IMM32.DLL
0x00007ffb662b0000 - 0x00007ffb662bc000 	C:\Users\Richard Loh\.jdks\openjdk-16.0.2\bin\vcruntime140_1.dll
0x00007ffb2f2b0000 - 0x00007ffb2f341000 	C:\Users\Richard Loh\.jdks\openjdk-16.0.2\bin\msvcp140.dll
0x00007ffb20cd0000 - 0x00007ffb2187b000 	C:\Users\Richard Loh\.jdks\openjdk-16.0.2\bin\server\jvm.dll
0x00007ffb77e70000 - 0x00007ffb77f1c000 	C:\WINDOWS\System32\ADVAPI32.dll
0x00007ffb77470000 - 0x00007ffb7750b000 	C:\WINDOWS\System32\sechost.dll
0x00007ffb77a30000 - 0x00007ffb77b5a000 	C:\WINDOWS\System32\RPCRT4.dll
0x00007ffb76dd0000 - 0x00007ffb76dd8000 	C:\WINDOWS\System32\PSAPI.DLL
0x00007ffb73ff0000 - 0x00007ffb73ff9000 	C:\WINDOWS\SYSTEM32\WSOCK32.dll
0x00007ffb76d60000 - 0x00007ffb76dcb000 	C:\WINDOWS\System32\WS2_32.dll
0x00007ffb63fa0000 - 0x00007ffb63fc7000 	C:\WINDOWS\SYSTEM32\WINMM.dll
0x00007ffb6ac80000 - 0x00007ffb6ac8a000 	C:\WINDOWS\SYSTEM32\VERSION.dll
0x00007ffb74180000 - 0x00007ffb74192000 	C:\WINDOWS\SYSTEM32\kernel.appcore.dll
0x00007ffb5cef0000 - 0x00007ffb5cefa000 	C:\Users\Richard Loh\.jdks\openjdk-16.0.2\bin\jimage.dll
0x00007ffb73660000 - 0x00007ffb73844000 	C:\WINDOWS\SYSTEM32\DBGHELP.DLL
0x00007ffb5aeb0000 - 0x00007ffb5aedc000 	C:\WINDOWS\SYSTEM32\dbgcore.DLL
0x00007ffb76020000 - 0x00007ffb760a3000 	C:\WINDOWS\System32\bcryptPrimitives.dll
0x00007ffb5ce40000 - 0x00007ffb5ce4e000 	C:\Users\Richard Loh\.jdks\openjdk-16.0.2\bin\instrument.dll
0x00007ffb5c980000 - 0x00007ffb5c9a5000 	C:\Users\Richard Loh\.jdks\openjdk-16.0.2\bin\java.dll
0x00007ffb76270000 - 0x00007ffb769af000 	C:\WINDOWS\System32\SHELL32.dll
0x00007ffb73850000 - 0x00007ffb73fe0000 	C:\WINDOWS\SYSTEM32\windows.storage.dll
0x00007ffb77510000 - 0x00007ffb77865000 	C:\WINDOWS\System32\combase.dll
0x00007ffb75260000 - 0x00007ffb7528c000 	C:\WINDOWS\SYSTEM32\Wldp.dll
0x00007ffb773c0000 - 0x00007ffb7746e000 	C:\WINDOWS\System32\SHCORE.dll
0x00007ffb77f20000 - 0x00007ffb77f75000 	C:\WINDOWS\System32\shlwapi.dll
0x00007ffb75820000 - 0x00007ffb7583f000 	C:\WINDOWS\SYSTEM32\profapi.dll
0x00007ffb5a820000 - 0x00007ffb5a838000 	C:\Users\Richard Loh\.jdks\openjdk-16.0.2\bin\zip.dll
0x00007ffb5cb40000 - 0x00007ffb5cb59000 	C:\Users\Richard Loh\.jdks\openjdk-16.0.2\bin\net.dll
0x00007ffb6d8a0000 - 0x00007ffb6d9a8000 	C:\WINDOWS\SYSTEM32\WINHTTP.dll
0x00007ffb75040000 - 0x00007ffb750aa000 	C:\WINDOWS\system32\mswsock.dll
0x00007ffb5aa10000 - 0x00007ffb5aa23000 	C:\Users\Richard Loh\.jdks\openjdk-16.0.2\bin\nio.dll
0x00007ffb575e0000 - 0x00007ffb575fa000 	C:\Program Files\JetBrains\IntelliJ IDEA Community Edition 2020.2.3\bin\breakgen64.dll
0x00007ffb5c970000 - 0x00007ffb5c979000 	C:\Users\Richard Loh\.jdks\openjdk-16.0.2\bin\management.dll
0x00007ffb5c920000 - 0x00007ffb5c92b000 	C:\Users\Richard Loh\.jdks\openjdk-16.0.2\bin\management_ext.dll
0x00007ffb50e70000 - 0x00007ffb50e87000 	C:\WINDOWS\system32\napinsp.dll
0x00007ffb50420000 - 0x00007ffb5043b000 	C:\WINDOWS\system32\pnrpnsp.dll
0x00007ffb6f830000 - 0x00007ffb6f845000 	C:\WINDOWS\system32\wshbth.dll
0x00007ffb70830000 - 0x00007ffb7084d000 	C:\WINDOWS\system32\NLAapi.dll
0x00007ffb74d00000 - 0x00007ffb74d3b000 	C:\WINDOWS\SYSTEM32\IPHLPAPI.DLL
0x00007ffb74d50000 - 0x00007ffb74e1c000 	C:\WINDOWS\SYSTEM32\DNSAPI.dll
0x00007ffb76de0000 - 0x00007ffb76de8000 	C:\WINDOWS\System32\NSI.dll
0x00007ffb56c80000 - 0x00007ffb56c92000 	C:\WINDOWS\System32\winrnr.dll
0x00007ffb6bf00000 - 0x00007ffb6bf0a000 	C:\Windows\System32\rasadhlp.dll
0x00007ffb6d050000 - 0x00007ffb6d0cf000 	C:\WINDOWS\System32\fwpuclnt.dll
0x00007ffb759c0000 - 0x00007ffb759e7000 	C:\WINDOWS\System32\bcrypt.dll

dbghelp: loaded successfully - version: 4.0.5 - missing functions: none
symbol engine: initialized successfully - sym options: 0x614 - pdb path: .;C:\Users\Richard Loh\.jdks\openjdk-16.0.2\bin;C:\WINDOWS\SYSTEM32;C:\WINDOWS\WinSxS\amd64_microsoft.windows.common-controls_6595b64144ccf1df_6.0.19041.1110_none_60b5254171f9507e;C:\Users\Richard Loh\.jdks\openjdk-16.0.2\bin\server;C:\Program Files\JetBrains\IntelliJ IDEA Community Edition 2020.2.3\bin

VM Arguments:
jvm_args: -javaagent:C:\Program Files\JetBrains\IntelliJ IDEA Community Edition 2020.2.3\lib\idea_rt.jar=4838:C:\Program Files\JetBrains\IntelliJ IDEA Community Edition 2020.2.3\bin -Dfile.encoding=UTF-8 -XX:CompileCommandFile=C:\Users\RICHAR~1\AppData\Local\Temp\jmh17266972534455441379compilecommand 
java_command: org.openjdk.jmh.runner.ForkedMain 127.0.0.1 4840
java_class_path (initial): C:\Users\Richard Loh\eclipse-workspace\RtsCourse\target\classes;C:\Users\Richard Loh\.m2\repository\org\openjdk\jmh\jmh-core\1.32\jmh-core-1.32.jar;C:\Users\Richard Loh\.m2\repository\net\sf\jopt-simple\jopt-simple\4.6\jopt-simple-4.6.jar;C:\Users\Richard Loh\.m2\repository\org\apache\commons\commons-math3\3.2\commons-math3-3.2.jar;C:\Users\Richard Loh\.m2\repository\org\openjdk\jmh\jmh-generator-annprocess\1.32\jmh-generator-annprocess-1.32.jar
Launcher Type: SUN_STANDARD

[Global flags]
     intx CICompilerCount                          = 3                                         {product} {ergonomic}
    ccstr CompileCommandFile                       = C:\Users\RICHAR~1\AppData\Local\Temp\jmh17266972534455441379compilecommand            {product} {command line}
     uint ConcGCThreads                            = 1                                         {product} {ergonomic}
     uint G1ConcRefinementThreads                  = 4                                         {product} {ergonomic}
   size_t G1HeapRegionSize                         = 2097152                                   {product} {ergonomic}
    uintx GCDrainStackTargetSize                   = 64                                        {product} {ergonomic}
   size_t InitialHeapSize                          = 201326592                                 {product} {ergonomic}
   size_t MarkStackSize                            = 4194304                                   {product} {ergonomic}
   size_t MaxHeapSize                              = 3191865344                                {product} {ergonomic}
   size_t MaxNewSize                               = 1914699776                                {product} {ergonomic}
   size_t MinHeapDeltaBytes                        = 2097152                                   {product} {ergonomic}
   size_t MinHeapSize                              = 8388608                                   {product} {ergonomic}
    uintx NonNMethodCodeHeapSize                   = 5832780                                {pd product} {ergonomic}
    uintx NonProfiledCodeHeapSize                  = 122912730                              {pd product} {ergonomic}
    uintx ProfiledCodeHeapSize                     = 122912730                              {pd product} {ergonomic}
    uintx ReservedCodeCacheSize                    = 251658240                              {pd product} {ergonomic}
     bool SegmentedCodeCache                       = true                                      {product} {ergonomic}
   size_t SoftMaxHeapSize                          = 3191865344                             {manageable} {ergonomic}
     bool UseCompressedClassPointers               = true                           {product lp64_product} {ergonomic}
     bool UseCompressedOops                        = true                           {product lp64_product} {ergonomic}
     bool UseG1GC                                  = true                                      {product} {ergonomic}
     bool UseLargePagesIndividualAllocation        = false                                  {pd product} {ergonomic}

Logging:
Log output configuration:
 #0: stdout all=warning uptime,level,tags
 #1: stderr all=off uptime,level,tags

Environment Variables:
PATH=C:\Program Files (x86)\VMware\VMware Player\bin\;C:\ProgramData\Oracle\Java\javapath;C:\Program Files (x86)\Common Files\Oracle\Java\javapath;C:\Program Files\Common Files\Oracle\Java\javapath;C:\Program Files (x86)\Intel\iCLS Client\;C:\Program Files\Intel\iCLS Client\;C:\windows\system32;C:\windows;C:\windows\System32\Wbem;C:\windows\System32\WindowsPowerShell\v1.0\;C:\Program Files (x86)\Intel\Intel(R) Management Engine Components\DAL;C:\Program Files\Intel\Intel(R) Management Engine Components\DAL;C:\Program Files (x86)\Intel\Intel(R) Management Engine Components\IPT;C:\Program Files\Intel\Intel(R) Management Engine Components\IPT;C:\Windows\system32;C:\Windows;C:\Windows\System32\Wbem;C:\Windows\System32\WindowsPowerShell\v1.0\;C:\Users\Richard Loh\.dnx\bin;C:\Program Files\Microsoft DNX\Dnvm\;C:\Program Files\Microsoft SQL Server\120\Tools\Binn\;C:\Program Files\Microsoft SQL Server\130\Tools\Binn\;C:\Program Files\Microsoft SQL Server\Client SDK\ODBC\130\Tools\Binn\;C:\Program Files (x86)\Microsoft SQL Server\130\Tools\Binn\;C:\Program Files\Microsoft SQL Server\130\DTS\Binn\;C:\Program Files (x86)\Microsoft SQL Server\110\DTS\Binn\;C:\Program Files (x86)\Microsoft SQL Server\120\DTS\Binn\;C:\Program Files (x86)\Microsoft SQL Server\130\DTS\Binn\;C:\Program Files (x86)\NVIDIA Corporation\PhysX\Common;C:\WINDOWS\system32;C:\WINDOWS;C:\WINDOWS\System32\Wbem;C:\WINDOWS\System32\WindowsPowerShell\v1.0\;C:\WINDOWS\System32\OpenSSH\;C:\Program Files\Git\cmd;C:\Program Files\dotnet\;C:\ProgramData\chocolatey\bin;C:\Program Files\nodejs\;C:\Program Files\NVIDIA Corporation\NVIDIA NvDLISR;C:\Program Files\MySQL\MySQL Shell 8.0\bin\;C:\Users\Richard Loh\AppData\Local\Microsoft\WindowsApps;C:\Users\Richard Loh\AppData\Local\Programs\Microsoft VS Code\bin;C:\Users\Richard Loh\AppData\Local\GitHubDesktop\bin;C:\Users\Richard Loh\.dotnet\tools;C:\Users\Richard Loh\AppData\Roaming\npm
USERNAME=Richard Loh
OS=Windows_NT
PROCESSOR_IDENTIFIER=Intel64 Family 6 Model 142 Stepping 9, GenuineIntel



---------------  S Y S T E M  ---------------

OS:
 Windows 10 , 64 bit Build 19041 (10.0.19041.1151)
OS uptime: 4 days 22:36 hours
Hyper-V role detected

CPU: total 4 (initial active 4) (2 cores per cpu, 2 threads per core) family 6 model 142 stepping 9 microcode 0xde, cx8, cmov, fxsr, ht, mmx, 3dnowpref, sse, sse2, sse3, ssse3, sse4.1, sse4.2, popcnt, lzcnt, tsc, tscinvbit, avx, avx2, aes, erms, clmul, bmi1, bmi2, adx, fma, vzeroupper, clflush, clflushopt, hv

Memory: 4k page, system-wide physical 12173M (1844M free)
TotalPageFile size 49037M (AvailPageFile size 120M)
current process WorkingSet (physical memory assigned to process): 131M, peak: 131M
current process commit charge ("private bytes"): 274M, peak: 658M

vm_info: OpenJDK 64-Bit Server VM (16.0.2+7-67) for windows-amd64 JRE (16.0.2+7-67), built on Jun  8 2021 23:21:43 by "mach5one" with MS VC++ 16.7 (VS2019)

END.
